{"/Users/aakarsh_88/f1-analytics/frontend/src/app/(auth)/sign-in/[[...sign-in]]/page.tsx": {"path":"/Users/aakarsh_88/f1-analytics/frontend/src/app/(auth)/sign-in/[[...sign-in]]/page.tsx","statementMap":{"0":{"start":{"line":3,"column":24},"end":{"line":3,"column":null}},"1":{"start":{"line":1,"column":31},"end":{"line":1,"column":null}},"2":{"start":{"line":4,"column":2},"end":{"line":4,"column":null}}},"fnMap":{"0":{"name":"SignInPage","decl":{"start":{"line":3,"column":24},"end":{"line":3,"column":null}},"loc":{"start":{"line":3,"column":24},"end":{"line":5,"column":null}}}},"branchMap":{},"s":{"0":0,"1":0,"2":0},"f":{"0":0},"b":{}}
,"/Users/aakarsh_88/f1-analytics/frontend/src/app/(auth)/sign-up/[[...sign-up]]/page.tsx": {"path":"/Users/aakarsh_88/f1-analytics/frontend/src/app/(auth)/sign-up/[[...sign-up]]/page.tsx","statementMap":{"0":{"start":{"line":3,"column":24},"end":{"line":3,"column":null}},"1":{"start":{"line":1,"column":31},"end":{"line":1,"column":null}},"2":{"start":{"line":4,"column":2},"end":{"line":4,"column":null}}},"fnMap":{"0":{"name":"SignUpPage","decl":{"start":{"line":3,"column":24},"end":{"line":3,"column":null}},"loc":{"start":{"line":3,"column":24},"end":{"line":5,"column":null}}}},"branchMap":{},"s":{"0":0,"1":0,"2":0},"f":{"0":0},"b":{}}
,"/Users/aakarsh_88/f1-analytics/frontend/src/app/(dashboard)/page.tsx": {"path":"/Users/aakarsh_88/f1-analytics/frontend/src/app/(dashboard)/page.tsx","statementMap":{"0":{"start":{"line":9,"column":30},"end":{"line":9,"column":null}},"1":{"start":{"line":1,"column":44},"end":{"line":1,"column":null}},"2":{"start":{"line":3,"column":44},"end":{"line":3,"column":null}},"3":{"start":{"line":4,"column":27},"end":{"line":4,"column":null}},"4":{"start":{"line":5,"column":25},"end":{"line":5,"column":null}},"5":{"start":{"line":6,"column":34},"end":{"line":6,"column":null}},"6":{"start":{"line":7,"column":34},"end":{"line":7,"column":null}},"7":{"start":{"line":10,"column":16},"end":{"line":10,"column":null}},"8":{"start":{"line":45,"column":12},"end":{"line":45,"column":48}}},"fnMap":{"0":{"name":"DashboardPage","decl":{"start":{"line":9,"column":30},"end":{"line":9,"column":null}},"loc":{"start":{"line":9,"column":30},"end":{"line":51,"column":null}}},"1":{"name":"(anonymous_2)","decl":{"start":{"line":44,"column":38},"end":{"line":44,"column":39}},"loc":{"start":{"line":45,"column":12},"end":{"line":45,"column":48}}}},"branchMap":{},"s":{"0":0,"1":0,"2":0,"3":0,"4":0,"5":0,"6":0,"7":0,"8":0},"f":{"0":0,"1":0},"b":{}}
,"/Users/aakarsh_88/f1-analytics/frontend/src/app/(dashboard)/analytics/page.tsx": {"path":"/Users/aakarsh_88/f1-analytics/frontend/src/app/(dashboard)/analytics/page.tsx","statementMap":{"0":{"start":{"line":4,"column":30},"end":{"line":4,"column":null}},"1":{"start":{"line":1,"column":35},"end":{"line":1,"column":null}},"2":{"start":{"line":2,"column":33},"end":{"line":2,"column":null}},"3":{"start":{"line":5,"column":15},"end":{"line":5,"column":null}}},"fnMap":{"0":{"name":"AnalyticsPage","decl":{"start":{"line":4,"column":30},"end":{"line":4,"column":null}},"loc":{"start":{"line":4,"column":30},"end":{"line":19,"column":null}}}},"branchMap":{},"s":{"0":0,"1":0,"2":0,"3":0},"f":{"0":0},"b":{}}
,"/Users/aakarsh_88/f1-analytics/frontend/src/app/(dashboard)/constructors/page.tsx": {"path":"/Users/aakarsh_88/f1-analytics/frontend/src/app/(dashboard)/constructors/page.tsx","statementMap":{"0":{"start":{"line":4,"column":30},"end":{"line":4,"column":null}},"1":{"start":{"line":1,"column":33},"end":{"line":1,"column":null}},"2":{"start":{"line":2,"column":32},"end":{"line":2,"column":null}},"3":{"start":{"line":5,"column":23},"end":{"line":5,"column":null}}},"fnMap":{"0":{"name":"ConstructorsPage","decl":{"start":{"line":4,"column":30},"end":{"line":4,"column":null}},"loc":{"start":{"line":4,"column":30},"end":{"line":19,"column":null}}}},"branchMap":{},"s":{"0":0,"1":0,"2":0,"3":0},"f":{"0":0},"b":{}}
,"/Users/aakarsh_88/f1-analytics/frontend/src/app/(dashboard)/drivers/page.tsx": {"path":"/Users/aakarsh_88/f1-analytics/frontend/src/app/(dashboard)/drivers/page.tsx","statementMap":{"0":{"start":{"line":4,"column":30},"end":{"line":4,"column":null}},"1":{"start":{"line":1,"column":28},"end":{"line":1,"column":null}},"2":{"start":{"line":2,"column":27},"end":{"line":2,"column":null}},"3":{"start":{"line":5,"column":18},"end":{"line":5,"column":null}}},"fnMap":{"0":{"name":"DriversPage","decl":{"start":{"line":4,"column":30},"end":{"line":4,"column":null}},"loc":{"start":{"line":4,"column":30},"end":{"line":19,"column":null}}}},"branchMap":{},"s":{"0":0,"1":0,"2":0,"3":0},"f":{"0":0},"b":{}}
,"/Users/aakarsh_88/f1-analytics/frontend/src/app/(dashboard)/drivers/[driverRef]/page.tsx": {"path":"/Users/aakarsh_88/f1-analytics/frontend/src/app/(dashboard)/drivers/[driverRef]/page.tsx","statementMap":{"0":{"start":{"line":10,"column":30},"end":{"line":10,"column":47}},"1":{"start":{"line":1,"column":25},"end":{"line":1,"column":null}},"2":{"start":{"line":3,"column":44},"end":{"line":3,"column":null}},"3":{"start":{"line":4,"column":25},"end":{"line":4,"column":null}},"4":{"start":{"line":5,"column":34},"end":{"line":5,"column":null}},"5":{"start":{"line":6,"column":41},"end":{"line":6,"column":null}},"6":{"start":{"line":7,"column":32},"end":{"line":7,"column":null}},"7":{"start":{"line":8,"column":50},"end":{"line":8,"column":null}},"8":{"start":{"line":15,"column":24},"end":{"line":15,"column":null}},"9":{"start":{"line":16,"column":17},"end":{"line":16,"column":null}},"10":{"start":{"line":18,"column":2},"end":{"line":20,"column":null}},"11":{"start":{"line":19,"column":4},"end":{"line":19,"column":null}},"12":{"start":{"line":23,"column":4},"end":{"line":23,"column":null}}},"fnMap":{"0":{"name":"DriverDetailPage","decl":{"start":{"line":10,"column":30},"end":{"line":10,"column":47}},"loc":{"start":{"line":14,"column":1},"end":{"line":68,"column":null}}}},"branchMap":{"0":{"loc":{"start":{"line":18,"column":2},"end":{"line":20,"column":null}},"type":"if","locations":[{"start":{"line":18,"column":2},"end":{"line":20,"column":null}}]},"1":{"loc":{"start":{"line":30,"column":13},"end":{"line":30,"column":null}},"type":"binary-expr","locations":[{"start":{"line":30,"column":13},"end":{"line":30,"column":32}},{"start":{"line":30,"column":36},"end":{"line":30,"column":null}}]},"2":{"loc":{"start":{"line":31,"column":13},"end":{"line":31,"column":63}},"type":"binary-expr","locations":[{"start":{"line":31,"column":13},"end":{"line":31,"column":40}},{"start":{"line":31,"column":40},"end":{"line":31,"column":63}}]},"3":{"loc":{"start":{"line":35,"column":9},"end":{"line":35,"column":21}},"type":"binary-expr","locations":[{"start":{"line":35,"column":9},"end":{"line":35,"column":21}}]}},"s":{"0":0,"1":0,"2":0,"3":0,"4":0,"5":0,"6":0,"7":0,"8":0,"9":0,"10":0,"11":0,"12":0},"f":{"0":0},"b":{"0":[0],"1":[0,0],"2":[0,0],"3":[0]}}
,"/Users/aakarsh_88/f1-analytics/frontend/src/app/(dashboard)/races/page.tsx": {"path":"/Users/aakarsh_88/f1-analytics/frontend/src/app/(dashboard)/races/page.tsx","statementMap":{"0":{"start":{"line":4,"column":30},"end":{"line":4,"column":null}},"1":{"start":{"line":1,"column":27},"end":{"line":1,"column":null}},"2":{"start":{"line":2,"column":25},"end":{"line":2,"column":null}},"3":{"start":{"line":5,"column":16},"end":{"line":5,"column":null}}},"fnMap":{"0":{"name":"RacesPage","decl":{"start":{"line":4,"column":30},"end":{"line":4,"column":null}},"loc":{"start":{"line":4,"column":30},"end":{"line":19,"column":null}}}},"branchMap":{},"s":{"0":0,"1":0,"2":0,"3":0},"f":{"0":0},"b":{}}
,"/Users/aakarsh_88/f1-analytics/frontend/src/app/(dashboard)/races/[raceId]/page.tsx": {"path":"/Users/aakarsh_88/f1-analytics/frontend/src/app/(dashboard)/races/[raceId]/page.tsx","statementMap":{"0":{"start":{"line":11,"column":30},"end":{"line":11,"column":45}},"1":{"start":{"line":1,"column":25},"end":{"line":1,"column":null}},"2":{"start":{"line":3,"column":44},"end":{"line":3,"column":null}},"3":{"start":{"line":4,"column":21},"end":{"line":4,"column":null}},"4":{"start":{"line":5,"column":29},"end":{"line":5,"column":null}},"5":{"start":{"line":6,"column":30},"end":{"line":6,"column":null}},"6":{"start":{"line":7,"column":32},"end":{"line":7,"column":null}},"7":{"start":{"line":8,"column":29},"end":{"line":8,"column":null}},"8":{"start":{"line":9,"column":30},"end":{"line":9,"column":null}},"9":{"start":{"line":12,"column":21},"end":{"line":12,"column":null}},"10":{"start":{"line":13,"column":17},"end":{"line":13,"column":null}},"11":{"start":{"line":15,"column":2},"end":{"line":17,"column":null}},"12":{"start":{"line":16,"column":4},"end":{"line":16,"column":null}},"13":{"start":{"line":19,"column":60},"end":{"line":19,"column":null}}},"fnMap":{"0":{"name":"RaceDetailPage","decl":{"start":{"line":11,"column":30},"end":{"line":11,"column":45}},"loc":{"start":{"line":11,"column":96},"end":{"line":62,"column":null}}}},"branchMap":{"0":{"loc":{"start":{"line":15,"column":2},"end":{"line":17,"column":null}},"type":"if","locations":[{"start":{"line":15,"column":2},"end":{"line":17,"column":null}}]},"1":{"loc":{"start":{"line":30,"column":11},"end":{"line":30,"column":47}},"type":"binary-expr","locations":[{"start":{"line":30,"column":11},"end":{"line":30,"column":23}},{"start":{"line":30,"column":27},"end":{"line":30,"column":47}}]}},"s":{"0":0,"1":0,"2":0,"3":0,"4":0,"5":0,"6":0,"7":0,"8":0,"9":0,"10":0,"11":0,"12":0,"13":0},"f":{"0":0},"b":{"0":[0],"1":[0,0]}}
,"/Users/aakarsh_88/f1-analytics/frontend/src/app/(dashboard)/settings/page.tsx": {"path":"/Users/aakarsh_88/f1-analytics/frontend/src/app/(dashboard)/settings/page.tsx","statementMap":{"0":{"start":{"line":4,"column":24},"end":{"line":4,"column":null}},"1":{"start":{"line":1,"column":44},"end":{"line":1,"column":null}},"2":{"start":{"line":2,"column":28},"end":{"line":2,"column":null}}},"fnMap":{"0":{"name":"SettingsPage","decl":{"start":{"line":4,"column":24},"end":{"line":4,"column":null}},"loc":{"start":{"line":4,"column":24},"end":{"line":50,"column":null}}}},"branchMap":{},"s":{"0":1,"1":1,"2":1},"f":{"0":1},"b":{}}
,"/Users/aakarsh_88/f1-analytics/frontend/src/app/(dashboard)/standings/page.tsx": {"path":"/Users/aakarsh_88/f1-analytics/frontend/src/app/(dashboard)/standings/page.tsx","statementMap":{"0":{"start":{"line":8,"column":30},"end":{"line":8,"column":null}},"1":{"start":{"line":1,"column":44},"end":{"line":1,"column":null}},"2":{"start":{"line":2,"column":21},"end":{"line":2,"column":null}},"3":{"start":{"line":3,"column":44},"end":{"line":3,"column":null}},"4":{"start":{"line":4,"column":39},"end":{"line":4,"column":null}},"5":{"start":{"line":5,"column":33},"end":{"line":5,"column":null}},"6":{"start":{"line":6,"column":29},"end":{"line":6,"column":null}},"7":{"start":{"line":9,"column":20},"end":{"line":9,"column":null}}},"fnMap":{"0":{"name":"StandingsPage","decl":{"start":{"line":8,"column":30},"end":{"line":8,"column":null}},"loc":{"start":{"line":8,"column":30},"end":{"line":49,"column":null}}}},"branchMap":{},"s":{"0":0,"1":0,"2":0,"3":0,"4":0,"5":0,"6":0,"7":0},"f":{"0":0},"b":{}}
,"/Users/aakarsh_88/f1-analytics/frontend/src/components/analytics/analytics-dashboard.tsx": {"path":"/Users/aakarsh_88/f1-analytics/frontend/src/components/analytics/analytics-dashboard.tsx","statementMap":{"0":{"start":{"line":15,"column":16},"end":{"line":15,"column":35}},"1":{"start":{"line":3,"column":34},"end":{"line":3,"column":null}},"2":{"start":{"line":5,"column":44},"end":{"line":5,"column":null}},"3":{"start":{"line":6,"column":39},"end":{"line":6,"column":null}},"4":{"start":{"line":7,"column":42},"end":{"line":7,"column":null}},"5":{"start":{"line":8,"column":33},"end":{"line":8,"column":null}},"6":{"start":{"line":9,"column":34},"end":{"line":9,"column":null}},"7":{"start":{"line":10,"column":35},"end":{"line":10,"column":null}},"8":{"start":{"line":11,"column":32},"end":{"line":11,"column":null}},"9":{"start":{"line":12,"column":34},"end":{"line":12,"column":null}},"10":{"start":{"line":16,"column":34},"end":{"line":16,"column":null}},"11":{"start":{"line":17,"column":30},"end":{"line":17,"column":null}},"12":{"start":{"line":20,"column":4},"end":{"line":20,"column":null}},"13":{"start":{"line":26,"column":28},"end":{"line":28,"column":null}},"14":{"start":{"line":27,"column":10},"end":{"line":27,"column":null}},"15":{"start":{"line":27,"column":57},"end":{"line":27,"column":null}},"16":{"start":{"line":30,"column":32},"end":{"line":32,"column":null}},"17":{"start":{"line":31,"column":10},"end":{"line":31,"column":null}},"18":{"start":{"line":31,"column":50},"end":{"line":31,"column":null}},"19":{"start":{"line":34,"column":31},"end":{"line":36,"column":null}},"20":{"start":{"line":35,"column":10},"end":{"line":35,"column":null}},"21":{"start":{"line":35,"column":49},"end":{"line":35,"column":null}},"22":{"start":{"line":50,"column":12},"end":{"line":50,"column":null}},"23":{"start":{"line":51,"column":12},"end":{"line":51,"column":null}},"24":{"start":{"line":68,"column":10},"end":{"line":68,"column":null}},"25":{"start":{"line":69,"column":10},"end":{"line":69,"column":null}}},"fnMap":{"0":{"name":"AnalyticsDashboard","decl":{"start":{"line":15,"column":16},"end":{"line":15,"column":35}},"loc":{"start":{"line":15,"column":68},"end":{"line":112,"column":null}}},"1":{"name":"inRange","decl":{"start":{"line":19,"column":11},"end":{"line":19,"column":19}},"loc":{"start":{"line":19,"column":33},"end":{"line":21,"column":null}}},"2":{"name":"(anonymous_3)","decl":{"start":{"line":27,"column":4},"end":{"line":27,"column":10}},"loc":{"start":{"line":27,"column":10},"end":{"line":27,"column":null}}},"3":{"name":"(anonymous_4)","decl":{"start":{"line":27,"column":50},"end":{"line":27,"column":51}},"loc":{"start":{"line":27,"column":57},"end":{"line":27,"column":null}}},"4":{"name":"(anonymous_5)","decl":{"start":{"line":31,"column":4},"end":{"line":31,"column":10}},"loc":{"start":{"line":31,"column":10},"end":{"line":31,"column":null}}},"5":{"name":"(anonymous_6)","decl":{"start":{"line":31,"column":43},"end":{"line":31,"column":44}},"loc":{"start":{"line":31,"column":50},"end":{"line":31,"column":null}}},"6":{"name":"(anonymous_7)","decl":{"start":{"line":35,"column":4},"end":{"line":35,"column":10}},"loc":{"start":{"line":35,"column":10},"end":{"line":35,"column":null}}},"7":{"name":"(anonymous_8)","decl":{"start":{"line":35,"column":42},"end":{"line":35,"column":43}},"loc":{"start":{"line":35,"column":49},"end":{"line":35,"column":null}}},"8":{"name":"(anonymous_9)","decl":{"start":{"line":49,"column":20},"end":{"line":49,"column":21}},"loc":{"start":{"line":49,"column":24},"end":{"line":52,"column":null}}},"9":{"name":"(anonymous_10)","decl":{"start":{"line":67,"column":73},"end":{"line":67,"column":74}},"loc":{"start":{"line":67,"column":77},"end":{"line":70,"column":null}}}},"branchMap":{"0":{"loc":{"start":{"line":20,"column":11},"end":{"line":20,"column":null}},"type":"binary-expr","locations":[{"start":{"line":20,"column":11},"end":{"line":20,"column":33}},{"start":{"line":20,"column":33},"end":{"line":20,"column":null}}]}},"s":{"0":4,"1":1,"2":1,"3":1,"4":1,"5":1,"6":1,"7":1,"8":1,"9":1,"10":7,"11":7,"12":105,"13":7,"14":7,"15":35,"16":7,"17":7,"18":35,"19":7,"20":7,"21":35,"22":3,"23":3,"24":0,"25":0},"f":{"0":7,"1":105,"2":7,"3":35,"4":7,"5":35,"6":7,"7":35,"8":3,"9":0},"b":{"0":[105,84]}}
,"/Users/aakarsh_88/f1-analytics/frontend/src/components/analytics/average-qualifying-chart.tsx": {"path":"/Users/aakarsh_88/f1-analytics/frontend/src/components/analytics/average-qualifying-chart.tsx","statementMap":{"0":{"start":{"line":22,"column":16},"end":{"line":22,"column":39}},"1":{"start":{"line":12,"column":7},"end":{"line":12,"column":null}},"2":{"start":{"line":14,"column":62},"end":{"line":14,"column":null}},"3":{"start":{"line":53,"column":38},"end":{"line":58,"column":null}},"4":{"start":{"line":62,"column":10},"end":{"line":63,"column":null}}},"fnMap":{"0":{"name":"AverageQualifyingChart","decl":{"start":{"line":22,"column":16},"end":{"line":22,"column":39}},"loc":{"start":{"line":22,"column":91},"end":{"line":74,"column":null}}},"1":{"name":"(anonymous_2)","decl":{"start":{"line":53,"column":21},"end":{"line":53,"column":22}},"loc":{"start":{"line":53,"column":38},"end":{"line":58,"column":null}}},"2":{"name":"(anonymous_3)","decl":{"start":{"line":61,"column":25},"end":{"line":61,"column":26}},"loc":{"start":{"line":62,"column":10},"end":{"line":63,"column":null}}}},"branchMap":{"0":{"loc":{"start":{"line":54,"column":2},"end":{"line":56,"column":null}},"type":"cond-expr","locations":[{"start":{"line":55,"column":6},"end":{"line":55,"column":null}},{"start":{"line":56,"column":6},"end":{"line":56,"column":null}}]},"1":{"loc":{"start":{"line":56,"column":13},"end":{"line":56,"column":null}},"type":"binary-expr","locations":[{"start":{"line":56,"column":13},"end":{"line":56,"column":22}},{"start":{"line":56,"column":22},"end":{"line":56,"column":null}}]},"2":{"loc":{"start":{"line":66,"column":20},"end":{"line":66,"column":73}},"type":"binary-expr","locations":[{"start":{"line":66,"column":20},"end":{"line":66,"column":44}},{"start":{"line":66,"column":48},"end":{"line":66,"column":73}}]}},"s":{"0":0,"1":0,"2":0,"3":0,"4":0},"f":{"0":0,"1":0,"2":0},"b":{"0":[0,0],"1":[0,0],"2":[0,0]}}
,"/Users/aakarsh_88/f1-analytics/frontend/src/components/analytics/constructor-dominance-chart.tsx": {"path":"/Users/aakarsh_88/f1-analytics/frontend/src/components/analytics/constructor-dominance-chart.tsx","statementMap":{"0":{"start":{"line":28,"column":16},"end":{"line":28,"column":42}},"1":{"start":{"line":12,"column":7},"end":{"line":12,"column":null}},"2":{"start":{"line":16,"column":49},"end":{"line":21,"column":null}},"3":{"start":{"line":55,"column":10},"end":{"line":56,"column":null}}},"fnMap":{"0":{"name":"ConstructorDominanceChart","decl":{"start":{"line":28,"column":16},"end":{"line":28,"column":42}},"loc":{"start":{"line":28,"column":98},"end":{"line":68,"column":null}}},"1":{"name":"(anonymous_2)","decl":{"start":{"line":54,"column":26},"end":{"line":54,"column":27}},"loc":{"start":{"line":55,"column":10},"end":{"line":56,"column":null}}}},"branchMap":{"0":{"loc":{"start":{"line":60,"column":20},"end":{"line":60,"column":null}},"type":"binary-expr","locations":[{"start":{"line":60,"column":20},"end":{"line":60,"column":43}},{"start":{"line":60,"column":47},"end":{"line":60,"column":null}}]}},"s":{"0":0,"1":0,"2":0,"3":0},"f":{"0":0,"1":0},"b":{"0":[0,0]}}
,"/Users/aakarsh_88/f1-analytics/frontend/src/components/analytics/fastest-laps-chart.tsx": {"path":"/Users/aakarsh_88/f1-analytics/frontend/src/components/analytics/fastest-laps-chart.tsx","statementMap":{"0":{"start":{"line":7,"column":16},"end":{"line":7,"column":33}},"1":{"start":{"line":3,"column":89},"end":{"line":3,"column":null}},"2":{"start":{"line":39,"column":38},"end":{"line":44,"column":null}}},"fnMap":{"0":{"name":"FastestLapsChart","decl":{"start":{"line":7,"column":16},"end":{"line":7,"column":33}},"loc":{"start":{"line":7,"column":79},"end":{"line":50,"column":null}}},"1":{"name":"(anonymous_2)","decl":{"start":{"line":39,"column":21},"end":{"line":39,"column":22}},"loc":{"start":{"line":39,"column":38},"end":{"line":44,"column":null}}}},"branchMap":{"0":{"loc":{"start":{"line":40,"column":2},"end":{"line":42,"column":null}},"type":"cond-expr","locations":[{"start":{"line":41,"column":6},"end":{"line":41,"column":29}},{"start":{"line":42,"column":6},"end":{"line":42,"column":null}}]},"1":{"loc":{"start":{"line":42,"column":13},"end":{"line":42,"column":null}},"type":"binary-expr","locations":[{"start":{"line":42,"column":13},"end":{"line":42,"column":22}},{"start":{"line":42,"column":22},"end":{"line":42,"column":null}}]}},"s":{"0":0,"1":0,"2":0},"f":{"0":0,"1":0},"b":{"0":[0,0],"1":[0,0]}}
,"/Users/aakarsh_88/f1-analytics/frontend/src/components/analytics/podium-trends-chart.tsx": {"path":"/Users/aakarsh_88/f1-analytics/frontend/src/components/analytics/podium-trends-chart.tsx","statementMap":{"0":{"start":{"line":22,"column":16},"end":{"line":22,"column":34}},"1":{"start":{"line":12,"column":7},"end":{"line":12,"column":null}},"2":{"start":{"line":14,"column":62},"end":{"line":14,"column":null}},"3":{"start":{"line":50,"column":10},"end":{"line":51,"column":null}}},"fnMap":{"0":{"name":"PodiumTrendsChart","decl":{"start":{"line":22,"column":16},"end":{"line":22,"column":34}},"loc":{"start":{"line":22,"column":81},"end":{"line":62,"column":null}}},"1":{"name":"(anonymous_2)","decl":{"start":{"line":49,"column":25},"end":{"line":49,"column":26}},"loc":{"start":{"line":50,"column":10},"end":{"line":51,"column":null}}}},"branchMap":{"0":{"loc":{"start":{"line":54,"column":20},"end":{"line":54,"column":73}},"type":"binary-expr","locations":[{"start":{"line":54,"column":20},"end":{"line":54,"column":44}},{"start":{"line":54,"column":48},"end":{"line":54,"column":73}}]}},"s":{"0":0,"1":0,"2":0,"3":0},"f":{"0":0,"1":0},"b":{"0":[0,0]}}
,"/Users/aakarsh_88/f1-analytics/frontend/src/components/analytics/pole-positions-chart.tsx": {"path":"/Users/aakarsh_88/f1-analytics/frontend/src/components/analytics/pole-positions-chart.tsx","statementMap":{"0":{"start":{"line":15,"column":16},"end":{"line":15,"column":35}},"1":{"start":{"line":11,"column":7},"end":{"line":11,"column":null}},"2":{"start":{"line":66,"column":38},"end":{"line":71,"column":null}}},"fnMap":{"0":{"name":"PolePositionsChart","decl":{"start":{"line":15,"column":16},"end":{"line":15,"column":35}},"loc":{"start":{"line":19,"column":1},"end":{"line":83,"column":null}}},"1":{"name":"(anonymous_2)","decl":{"start":{"line":66,"column":21},"end":{"line":66,"column":22}},"loc":{"start":{"line":66,"column":38},"end":{"line":71,"column":null}}}},"branchMap":{"0":{"loc":{"start":{"line":67,"column":12},"end":{"line":69,"column":null}},"type":"cond-expr","locations":[{"start":{"line":68,"column":16},"end":{"line":68,"column":41}},{"start":{"line":69,"column":16},"end":{"line":69,"column":null}}]},"1":{"loc":{"start":{"line":69,"column":23},"end":{"line":69,"column":null}},"type":"binary-expr","locations":[{"start":{"line":69,"column":23},"end":{"line":69,"column":32}},{"start":{"line":69,"column":32},"end":{"line":69,"column":null}}]}},"s":{"0":0,"1":0,"2":0},"f":{"0":0,"1":0},"b":{"0":[0,0],"1":[0,0]}}
,"/Users/aakarsh_88/f1-analytics/frontend/src/components/analytics/saved-views-panel.tsx": {"path":"/Users/aakarsh_88/f1-analytics/frontend/src/components/analytics/saved-views-panel.tsx","statementMap":{"0":{"start":{"line":26,"column":16},"end":{"line":26,"column":32}},"1":{"start":{"line":3,"column":33},"end":{"line":3,"column":null}},"2":{"start":{"line":4,"column":25},"end":{"line":4,"column":null}},"3":{"start":{"line":6,"column":23},"end":{"line":6,"column":null}},"4":{"start":{"line":7,"column":30},"end":{"line":7,"column":null}},"5":{"start":{"line":8,"column":49},"end":{"line":8,"column":null}},"6":{"start":{"line":49,"column":19},"end":{"line":49,"column":null}},"7":{"start":{"line":50,"column":51},"end":{"line":50,"column":null}},"8":{"start":{"line":51,"column":26},"end":{"line":51,"column":null}},"9":{"start":{"line":54,"column":20},"end":{"line":54,"column":null}},"10":{"start":{"line":55,"column":4},"end":{"line":55,"column":null}},"11":{"start":{"line":55,"column":18},"end":{"line":55,"column":null}},"12":{"start":{"line":56,"column":4},"end":{"line":56,"column":null}},"13":{"start":{"line":57,"column":4},"end":{"line":57,"column":null}},"14":{"start":{"line":62,"column":2},"end":{"line":64,"column":null}},"15":{"start":{"line":72,"column":27},"end":{"line":72,"column":null}},"16":{"start":{"line":73,"column":28},"end":{"line":73,"column":null}},"17":{"start":{"line":89,"column":12},"end":{"line":90,"column":null}},"18":{"start":{"line":95,"column":31},"end":{"line":95,"column":null}},"19":{"start":{"line":106,"column":31},"end":{"line":106,"column":null}}},"fnMap":{"0":{"name":"SavedViewsPanel","decl":{"start":{"line":26,"column":16},"end":{"line":26,"column":32}},"loc":{"start":{"line":26,"column":59},"end":{"line":46,"column":null}}},"1":{"name":"SavedViewsAuthenticated","decl":{"start":{"line":48,"column":9},"end":{"line":48,"column":33}},"loc":{"start":{"line":48,"column":87},"end":{"line":117,"column":null}}},"2":{"name":"handleSave","decl":{"start":{"line":53,"column":11},"end":{"line":53,"column":null}},"loc":{"start":{"line":53,"column":11},"end":{"line":58,"column":null}}},"3":{"name":"(anonymous_4)","decl":{"start":{"line":72,"column":20},"end":{"line":72,"column":21}},"loc":{"start":{"line":72,"column":27},"end":{"line":72,"column":null}}},"4":{"name":"(anonymous_5)","decl":{"start":{"line":73,"column":21},"end":{"line":73,"column":22}},"loc":{"start":{"line":73,"column":28},"end":{"line":73,"column":null}}},"5":{"name":"(anonymous_6)","decl":{"start":{"line":88,"column":21},"end":{"line":88,"column":22}},"loc":{"start":{"line":89,"column":12},"end":{"line":90,"column":null}}},"6":{"name":"(anonymous_7)","decl":{"start":{"line":95,"column":25},"end":{"line":95,"column":31}},"loc":{"start":{"line":95,"column":31},"end":{"line":95,"column":null}}},"7":{"name":"(anonymous_8)","decl":{"start":{"line":106,"column":25},"end":{"line":106,"column":31}},"loc":{"start":{"line":106,"column":31},"end":{"line":106,"column":null}}}},"branchMap":{"0":{"loc":{"start":{"line":50,"column":65},"end":{"line":50,"column":null}},"type":"binary-expr","locations":[{"start":{"line":50,"column":65},"end":{"line":50,"column":77}},{"start":{"line":50,"column":77},"end":{"line":50,"column":null}}]},"1":{"loc":{"start":{"line":55,"column":4},"end":{"line":55,"column":null}},"type":"if","locations":[{"start":{"line":55,"column":4},"end":{"line":55,"column":null}}]},"2":{"loc":{"start":{"line":62,"column":2},"end":{"line":64,"column":null}},"type":"if","locations":[{"start":{"line":62,"column":2},"end":{"line":64,"column":null}}]},"3":{"loc":{"start":{"line":73,"column":28},"end":{"line":73,"column":null}},"type":"binary-expr","locations":[{"start":{"line":73,"column":28},"end":{"line":73,"column":49}},{"start":{"line":73,"column":49},"end":{"line":73,"column":null}}]},"4":{"loc":{"start":{"line":83,"column":8},"end":{"line":87,"column":9}},"type":"cond-expr","locations":[{"start":{"line":83,"column":8},"end":{"line":87,"column":9}}]}},"s":{"0":5,"1":1,"2":1,"3":1,"4":1,"5":1,"6":49,"7":49,"8":49,"9":3,"10":3,"11":0,"12":3,"13":3,"14":49,"15":33,"16":33,"17":3,"18":1,"19":1},"f":{"0":5,"1":49,"2":3,"3":33,"4":33,"5":3,"6":1,"7":1},"b":{"0":[49,0],"1":[0],"2":[4],"3":[33,0],"4":[42]}}
,"/Users/aakarsh_88/f1-analytics/frontend/src/components/analytics/season-range-filter.tsx": {"path":"/Users/aakarsh_88/f1-analytics/frontend/src/components/analytics/season-range-filter.tsx","statementMap":{"0":{"start":{"line":12,"column":16},"end":{"line":12,"column":34}},"1":{"start":{"line":13,"column":16},"end":{"line":15,"column":null}},"2":{"start":{"line":15,"column":14},"end":{"line":15,"column":null}},"3":{"start":{"line":25,"column":25},"end":{"line":25,"column":null}},"4":{"start":{"line":26,"column":12},"end":{"line":26,"column":null}},"5":{"start":{"line":31,"column":12},"end":{"line":31,"column":31}},"6":{"start":{"line":43,"column":25},"end":{"line":43,"column":null}},"7":{"start":{"line":44,"column":12},"end":{"line":44,"column":null}},"8":{"start":{"line":49,"column":12},"end":{"line":49,"column":31}}},"fnMap":{"0":{"name":"SeasonRangeFilter","decl":{"start":{"line":12,"column":16},"end":{"line":12,"column":34}},"loc":{"start":{"line":12,"column":95},"end":{"line":57,"column":null}}},"1":{"name":"(anonymous_2)","decl":{"start":{"line":15,"column":4},"end":{"line":15,"column":5}},"loc":{"start":{"line":15,"column":14},"end":{"line":15,"column":null}}},"2":{"name":"(anonymous_3)","decl":{"start":{"line":24,"column":20},"end":{"line":24,"column":21}},"loc":{"start":{"line":24,"column":21},"end":{"line":27,"column":null}}},"3":{"name":"(anonymous_4)","decl":{"start":{"line":30,"column":21},"end":{"line":30,"column":22}},"loc":{"start":{"line":31,"column":12},"end":{"line":31,"column":31}}},"4":{"name":"(anonymous_5)","decl":{"start":{"line":42,"column":20},"end":{"line":42,"column":21}},"loc":{"start":{"line":42,"column":21},"end":{"line":45,"column":null}}},"5":{"name":"(anonymous_6)","decl":{"start":{"line":48,"column":21},"end":{"line":48,"column":22}},"loc":{"start":{"line":49,"column":12},"end":{"line":49,"column":31}}}},"branchMap":{},"s":{"0":11,"1":11,"2":55,"3":3,"4":3,"5":55,"6":3,"7":3,"8":55},"f":{"0":11,"1":55,"2":3,"3":55,"4":3,"5":55},"b":{}}
,"/Users/aakarsh_88/f1-analytics/frontend/src/components/constructors/constructor-card.tsx": {"path":"/Users/aakarsh_88/f1-analytics/frontend/src/components/constructors/constructor-card.tsx","statementMap":{"0":{"start":{"line":7,"column":16},"end":{"line":7,"column":32}},"1":{"start":{"line":1,"column":21},"end":{"line":1,"column":null}},"2":{"start":{"line":2,"column":31},"end":{"line":2,"column":null}},"3":{"start":{"line":3,"column":53},"end":{"line":3,"column":null}},"4":{"start":{"line":4,"column":19},"end":{"line":4,"column":null}}},"fnMap":{"0":{"name":"ConstructorCard","decl":{"start":{"line":7,"column":16},"end":{"line":7,"column":32}},"loc":{"start":{"line":7,"column":87},"end":{"line":33,"column":null}}},"1":{"name":"Stat","decl":{"start":{"line":35,"column":9},"end":{"line":35,"column":14}},"loc":{"start":{"line":35,"column":64},"end":{"line":44,"column":null}}}},"branchMap":{"0":{"loc":{"start":{"line":14,"column":13},"end":{"line":14,"column":40}},"type":"binary-expr","locations":[{"start":{"line":14,"column":13},"end":{"line":14,"column":26}},{"start":{"line":14,"column":30},"end":{"line":14,"column":40}}]}},"s":{"0":0,"1":0,"2":0,"3":0,"4":0},"f":{"0":0,"1":0},"b":{"0":[0,0]}}
,"/Users/aakarsh_88/f1-analytics/frontend/src/components/constructors/constructors-grid.tsx": {"path":"/Users/aakarsh_88/f1-analytics/frontend/src/components/constructors/constructors-grid.tsx","statementMap":{"0":{"start":{"line":9,"column":16},"end":{"line":9,"column":33}},"1":{"start":{"line":3,"column":23},"end":{"line":3,"column":null}},"2":{"start":{"line":4,"column":34},"end":{"line":4,"column":null}},"3":{"start":{"line":6,"column":32},"end":{"line":6,"column":null}},"4":{"start":{"line":10,"column":28},"end":{"line":10,"column":null}},"5":{"start":{"line":12,"column":19},"end":{"line":18,"column":null}},"6":{"start":{"line":13,"column":14},"end":{"line":13,"column":null}},"7":{"start":{"line":14,"column":4},"end":{"line":14,"column":null}},"8":{"start":{"line":14,"column":12},"end":{"line":14,"column":null}},"9":{"start":{"line":15,"column":4},"end":{"line":16,"column":null}},"10":{"start":{"line":16,"column":13},"end":{"line":16,"column":null}},"11":{"start":{"line":30,"column":27},"end":{"line":30,"column":null}},"12":{"start":{"line":43,"column":12},"end":{"line":43,"column":51}}},"fnMap":{"0":{"name":"ConstructorsGrid","decl":{"start":{"line":9,"column":16},"end":{"line":9,"column":33}},"loc":{"start":{"line":9,"column":89},"end":{"line":49,"column":null}}},"1":{"name":"(anonymous_2)","decl":{"start":{"line":12,"column":27},"end":{"line":12,"column":null}},"loc":{"start":{"line":12,"column":27},"end":{"line":18,"column":5}}},"2":{"name":"(anonymous_3)","decl":{"start":{"line":16,"column":6},"end":{"line":16,"column":7}},"loc":{"start":{"line":16,"column":13},"end":{"line":16,"column":null}}},"3":{"name":"(anonymous_4)","decl":{"start":{"line":30,"column":20},"end":{"line":30,"column":21}},"loc":{"start":{"line":30,"column":27},"end":{"line":30,"column":null}}},"4":{"name":"(anonymous_5)","decl":{"start":{"line":42,"column":24},"end":{"line":42,"column":25}},"loc":{"start":{"line":43,"column":12},"end":{"line":43,"column":51}}}},"branchMap":{"0":{"loc":{"start":{"line":14,"column":4},"end":{"line":14,"column":null}},"type":"if","locations":[{"start":{"line":14,"column":4},"end":{"line":14,"column":null}}]},"1":{"loc":{"start":{"line":16,"column":13},"end":{"line":16,"column":null}},"type":"binary-expr","locations":[{"start":{"line":16,"column":13},"end":{"line":16,"column":49}},{"start":{"line":16,"column":49},"end":{"line":16,"column":null}}]},"2":{"loc":{"start":{"line":37,"column":8},"end":{"line":41,"column":9}},"type":"cond-expr","locations":[{"start":{"line":37,"column":8},"end":{"line":41,"column":9}}]}},"s":{"0":0,"1":0,"2":0,"3":0,"4":0,"5":0,"6":0,"7":0,"8":0,"9":0,"10":0,"11":0,"12":0},"f":{"0":0,"1":0,"2":0,"3":0,"4":0},"b":{"0":[0],"1":[0,0],"2":[0]}}
,"/Users/aakarsh_88/f1-analytics/frontend/src/components/constructors/trend-sparkline.tsx": {"path":"/Users/aakarsh_88/f1-analytics/frontend/src/components/constructors/trend-sparkline.tsx","statementMap":{"0":{"start":{"line":5,"column":16},"end":{"line":5,"column":31}},"1":{"start":{"line":3,"column":53},"end":{"line":3,"column":null}}},"fnMap":{"0":{"name":"TrendSparkline","decl":{"start":{"line":5,"column":16},"end":{"line":5,"column":31}},"loc":{"start":{"line":5,"column":85},"end":{"line":20,"column":null}}}},"branchMap":{},"s":{"0":0,"1":0},"f":{"0":0},"b":{}}
,"/Users/aakarsh_88/f1-analytics/frontend/src/components/dashboard/podium-card.tsx": {"path":"/Users/aakarsh_88/f1-analytics/frontend/src/components/dashboard/podium-card.tsx","statementMap":{"0":{"start":{"line":23,"column":16},"end":{"line":23,"column":27}},"1":{"start":{"line":3,"column":19},"end":{"line":3,"column":null}},"2":{"start":{"line":4,"column":53},"end":{"line":4,"column":null}},"3":{"start":{"line":14,"column":47},"end":{"line":14,"column":null}}},"fnMap":{"0":{"name":"PodiumCard","decl":{"start":{"line":23,"column":16},"end":{"line":23,"column":27}},"loc":{"start":{"line":23,"column":69},"end":{"line":55,"column":null}}}},"branchMap":{},"s":{"0":0,"1":0,"2":0,"3":0},"f":{"0":0},"b":{}}
,"/Users/aakarsh_88/f1-analytics/frontend/src/components/dashboard/stat-card.tsx": {"path":"/Users/aakarsh_88/f1-analytics/frontend/src/components/dashboard/stat-card.tsx","statementMap":{"0":{"start":{"line":15,"column":16},"end":{"line":15,"column":25}},"1":{"start":{"line":3,"column":21},"end":{"line":3,"column":null}},"2":{"start":{"line":4,"column":19},"end":{"line":4,"column":null}}},"fnMap":{"0":{"name":"StatCard","decl":{"start":{"line":15,"column":16},"end":{"line":15,"column":25}},"loc":{"start":{"line":15,"column":90},"end":{"line":43,"column":null}}}},"branchMap":{"0":{"loc":{"start":{"line":26,"column":11},"end":{"line":26,"column":null}},"type":"binary-expr","locations":[{"start":{"line":26,"column":11},"end":{"line":26,"column":null}}]},"1":{"loc":{"start":{"line":30,"column":16},"end":{"line":30,"column":null}},"type":"cond-expr","locations":[{"start":{"line":30,"column":32},"end":{"line":30,"column":54}},{"start":{"line":30,"column":54},"end":{"line":30,"column":null}}]}},"s":{"0":0,"1":0,"2":0},"f":{"0":0},"b":{"0":[0],"1":[0,0]}}
,"/Users/aakarsh_88/f1-analytics/frontend/src/components/dashboard/wins-by-season-chart.tsx": {"path":"/Users/aakarsh_88/f1-analytics/frontend/src/components/dashboard/wins-by-season-chart.tsx","statementMap":{"0":{"start":{"line":9,"column":16},"end":{"line":9,"column":34}},"1":{"start":{"line":3,"column":89},"end":{"line":3,"column":null}}},"fnMap":{"0":{"name":"WinsBySeasonChart","decl":{"start":{"line":9,"column":16},"end":{"line":9,"column":34}},"loc":{"start":{"line":9,"column":66},"end":{"line":40,"column":null}}}},"branchMap":{},"s":{"0":0,"1":0},"f":{"0":0},"b":{}}
,"/Users/aakarsh_88/f1-analytics/frontend/src/components/drivers/driver-card.tsx": {"path":"/Users/aakarsh_88/f1-analytics/frontend/src/components/drivers/driver-card.tsx","statementMap":{"0":{"start":{"line":13,"column":16},"end":{"line":13,"column":27}},"1":{"start":{"line":1,"column":17},"end":{"line":1,"column":null}},"2":{"start":{"line":3,"column":21},"end":{"line":3,"column":null}},"3":{"start":{"line":24,"column":28},"end":{"line":24,"column":null}}},"fnMap":{"0":{"name":"DriverCard","decl":{"start":{"line":13,"column":16},"end":{"line":13,"column":27}},"loc":{"start":{"line":13,"column":92},"end":{"line":63,"column":null}}},"1":{"name":"(anonymous_3)","decl":{"start":{"line":24,"column":22},"end":{"line":24,"column":28}},"loc":{"start":{"line":24,"column":28},"end":{"line":24,"column":null}}},"2":{"name":"Stat","decl":{"start":{"line":65,"column":9},"end":{"line":65,"column":14}},"loc":{"start":{"line":65,"column":64},"end":{"line":74,"column":null}}}},"branchMap":{"0":{"loc":{"start":{"line":16,"column":7},"end":{"line":16,"column":null}},"type":"binary-expr","locations":[{"start":{"line":16,"column":7},"end":{"line":16,"column":null}}]},"1":{"loc":{"start":{"line":23,"column":21},"end":{"line":23,"column":null}},"type":"binary-expr","locations":[{"start":{"line":23,"column":21},"end":{"line":23,"column":33}},{"start":{"line":23,"column":33},"end":{"line":23,"column":null}}]},"2":{"loc":{"start":{"line":36,"column":17},"end":{"line":36,"column":null}},"type":"binary-expr","locations":[{"start":{"line":36,"column":17},"end":{"line":36,"column":35}},{"start":{"line":36,"column":39},"end":{"line":36,"column":null}}]},"3":{"loc":{"start":{"line":37,"column":17},"end":{"line":37,"column":65}},"type":"binary-expr","locations":[{"start":{"line":37,"column":17},"end":{"line":37,"column":43}},{"start":{"line":37,"column":43},"end":{"line":37,"column":65}}]},"4":{"loc":{"start":{"line":40,"column":13},"end":{"line":40,"column":24}},"type":"binary-expr","locations":[{"start":{"line":40,"column":13},"end":{"line":40,"column":24}}]}},"s":{"0":0,"1":0,"2":0,"3":0},"f":{"0":0,"1":0,"2":0},"b":{"0":[0],"1":[0,0],"2":[0,0],"3":[0,0],"4":[0]}}
,"/Users/aakarsh_88/f1-analytics/frontend/src/components/drivers/driver-comparison-dialog.tsx": {"path":"/Users/aakarsh_88/f1-analytics/frontend/src/components/drivers/driver-comparison-dialog.tsx","statementMap":{"0":{"start":{"line":33,"column":16},"end":{"line":33,"column":39}},"1":{"start":{"line":3,"column":23},"end":{"line":3,"column":null}},"2":{"start":{"line":12,"column":78},"end":{"line":19,"column":null}},"3":{"start":{"line":13,"column":38},"end":{"line":13,"column":59}},"4":{"start":{"line":14,"column":37},"end":{"line":14,"column":53}},"5":{"start":{"line":15,"column":31},"end":{"line":15,"column":37}},"6":{"start":{"line":16,"column":34},"end":{"line":16,"column":43}},"7":{"start":{"line":17,"column":40},"end":{"line":17,"column":55}},"8":{"start":{"line":18,"column":35},"end":{"line":18,"column":67}},"9":{"start":{"line":27,"column":15},"end":{"line":27,"column":null}},"10":{"start":{"line":28,"column":15},"end":{"line":28,"column":null}},"11":{"start":{"line":29,"column":2},"end":{"line":29,"column":null}},"12":{"start":{"line":29,"column":48},"end":{"line":29,"column":null}},"13":{"start":{"line":30,"column":2},"end":{"line":30,"column":null}},"14":{"start":{"line":34,"column":17},"end":{"line":34,"column":null}},"15":{"start":{"line":44,"column":25},"end":{"line":44,"column":null}},"16":{"start":{"line":45,"column":25},"end":{"line":45,"column":null}},"17":{"start":{"line":46,"column":24},"end":{"line":46,"column":null}},"18":{"start":{"line":47,"column":24},"end":{"line":47,"column":null}},"19":{"start":{"line":48,"column":10},"end":{"line":49,"column":33}}},"fnMap":{"0":{"name":"(anonymous_1)","decl":{"start":{"line":13,"column":31},"end":{"line":13,"column":32}},"loc":{"start":{"line":13,"column":38},"end":{"line":13,"column":59}}},"1":{"name":"(anonymous_2)","decl":{"start":{"line":14,"column":30},"end":{"line":14,"column":31}},"loc":{"start":{"line":14,"column":37},"end":{"line":14,"column":53}}},"2":{"name":"(anonymous_3)","decl":{"start":{"line":15,"column":24},"end":{"line":15,"column":25}},"loc":{"start":{"line":15,"column":31},"end":{"line":15,"column":37}}},"3":{"name":"(anonymous_4)","decl":{"start":{"line":16,"column":27},"end":{"line":16,"column":28}},"loc":{"start":{"line":16,"column":34},"end":{"line":16,"column":43}}},"4":{"name":"(anonymous_5)","decl":{"start":{"line":17,"column":33},"end":{"line":17,"column":34}},"loc":{"start":{"line":17,"column":40},"end":{"line":17,"column":55}}},"5":{"name":"(anonymous_6)","decl":{"start":{"line":18,"column":28},"end":{"line":18,"column":29}},"loc":{"start":{"line":18,"column":35},"end":{"line":18,"column":67}}},"6":{"name":"isBetter","decl":{"start":{"line":26,"column":9},"end":{"line":26,"column":18}},"loc":{"start":{"line":26,"column":56},"end":{"line":31,"column":null}}},"7":{"name":"DriverComparisonDialog","decl":{"start":{"line":33,"column":16},"end":{"line":33,"column":39}},"loc":{"start":{"line":33,"column":94},"end":{"line":67,"column":null}}},"8":{"name":"(anonymous_9)","decl":{"start":{"line":43,"column":18},"end":{"line":43,"column":19}},"loc":{"start":{"line":43,"column":19},"end":{"line":63,"column":null}}}},"branchMap":{"0":{"loc":{"start":{"line":13,"column":38},"end":{"line":13,"column":59}},"type":"binary-expr","locations":[{"start":{"line":13,"column":38},"end":{"line":13,"column":51}},{"start":{"line":13,"column":55},"end":{"line":13,"column":59}}]},"1":{"loc":{"start":{"line":14,"column":37},"end":{"line":14,"column":53}},"type":"binary-expr","locations":[{"start":{"line":14,"column":37},"end":{"line":14,"column":45}},{"start":{"line":14,"column":49},"end":{"line":14,"column":53}}]},"2":{"loc":{"start":{"line":27,"column":15},"end":{"line":27,"column":null}},"type":"cond-expr","locations":[{"start":{"line":27,"column":39},"end":{"line":27,"column":43}},{"start":{"line":27,"column":43},"end":{"line":27,"column":null}}]},"3":{"loc":{"start":{"line":28,"column":15},"end":{"line":28,"column":null}},"type":"cond-expr","locations":[{"start":{"line":28,"column":39},"end":{"line":28,"column":43}},{"start":{"line":28,"column":43},"end":{"line":28,"column":null}}]},"4":{"loc":{"start":{"line":29,"column":2},"end":{"line":29,"column":null}},"type":"if","locations":[{"start":{"line":29,"column":2},"end":{"line":29,"column":null}}]},"5":{"loc":{"start":{"line":29,"column":6},"end":{"line":29,"column":48}},"type":"binary-expr","locations":[{"start":{"line":29,"column":6},"end":{"line":29,"column":28}},{"start":{"line":29,"column":28},"end":{"line":29,"column":48}}]},"6":{"loc":{"start":{"line":50,"column":61},"end":{"line":50,"column":105}},"type":"cond-expr","locations":[{"start":{"line":50,"column":69},"end":{"line":50,"column":101}},{"start":{"line":50,"column":101},"end":{"line":50,"column":105}}]},"7":{"loc":{"start":{"line":57,"column":69},"end":{"line":57,"column":113}},"type":"cond-expr","locations":[{"start":{"line":57,"column":77},"end":{"line":57,"column":109}},{"start":{"line":57,"column":109},"end":{"line":57,"column":113}}]}},"s":{"0":0,"1":0,"2":0,"3":0,"4":0,"5":0,"6":0,"7":0,"8":0,"9":0,"10":0,"11":0,"12":0,"13":0,"14":0,"15":0,"16":0,"17":0,"18":0,"19":0},"f":{"0":0,"1":0,"2":0,"3":0,"4":0,"5":0,"6":0,"7":0,"8":0},"b":{"0":[0,0],"1":[0,0],"2":[0,0],"3":[0,0],"4":[0],"5":[0,0],"6":[0,0],"7":[0,0]}}
,"/Users/aakarsh_88/f1-analytics/frontend/src/components/drivers/drivers-grid.tsx": {"path":"/Users/aakarsh_88/f1-analytics/frontend/src/components/drivers/drivers-grid.tsx","statementMap":{"0":{"start":{"line":13,"column":16},"end":{"line":13,"column":28}},"1":{"start":{"line":3,"column":38},"end":{"line":3,"column":null}},"2":{"start":{"line":4,"column":34},"end":{"line":4,"column":null}},"3":{"start":{"line":6,"column":23},"end":{"line":6,"column":null}},"4":{"start":{"line":7,"column":27},"end":{"line":7,"column":null}},"5":{"start":{"line":8,"column":39},"end":{"line":8,"column":null}},"6":{"start":{"line":11,"column":20},"end":{"line":11,"column":null}},"7":{"start":{"line":14,"column":28},"end":{"line":14,"column":null}},"8":{"start":{"line":15,"column":42},"end":{"line":15,"column":null}},"9":{"start":{"line":16,"column":38},"end":{"line":16,"column":null}},"10":{"start":{"line":18,"column":19},"end":{"line":27,"column":null}},"11":{"start":{"line":19,"column":14},"end":{"line":19,"column":null}},"12":{"start":{"line":20,"column":4},"end":{"line":20,"column":null}},"13":{"start":{"line":20,"column":12},"end":{"line":20,"column":null}},"14":{"start":{"line":21,"column":4},"end":{"line":25,"column":null}},"15":{"start":{"line":23,"column":8},"end":{"line":25,"column":null}},"16":{"start":{"line":30,"column":4},"end":{"line":38,"column":null}},"17":{"start":{"line":31,"column":6},"end":{"line":33,"column":null}},"18":{"start":{"line":32,"column":8},"end":{"line":32,"column":null}},"19":{"start":{"line":32,"column":36},"end":{"line":32,"column":60}},"20":{"start":{"line":36,"column":19},"end":{"line":36,"column":null}},"21":{"start":{"line":37,"column":6},"end":{"line":37,"column":null}},"22":{"start":{"line":41,"column":26},"end":{"line":43,"column":null}},"23":{"start":{"line":42,"column":18},"end":{"line":42,"column":null}},"24":{"start":{"line":42,"column":38},"end":{"line":42,"column":null}},"25":{"start":{"line":43,"column":39},"end":{"line":43,"column":null}},"26":{"start":{"line":56,"column":29},"end":{"line":56,"column":null}},"27":{"start":{"line":72,"column":29},"end":{"line":72,"column":null}},"28":{"start":{"line":79,"column":29},"end":{"line":79,"column":null}},"29":{"start":{"line":95,"column":12},"end":{"line":96,"column":null}},"30":{"start":{"line":109,"column":25},"end":{"line":109,"column":null}}},"fnMap":{"0":{"name":"DriversGrid","decl":{"start":{"line":13,"column":16},"end":{"line":13,"column":28}},"loc":{"start":{"line":13,"column":69},"end":{"line":115,"column":null}}},"1":{"name":"(anonymous_2)","decl":{"start":{"line":18,"column":27},"end":{"line":18,"column":null}},"loc":{"start":{"line":18,"column":27},"end":{"line":27,"column":5}}},"2":{"name":"(anonymous_3)","decl":{"start":{"line":22,"column":6},"end":{"line":22,"column":7}},"loc":{"start":{"line":23,"column":8},"end":{"line":25,"column":null}}},"3":{"name":"toggleSelect","decl":{"start":{"line":29,"column":11},"end":{"line":29,"column":24}},"loc":{"start":{"line":29,"column":45},"end":{"line":39,"column":null}}},"4":{"name":"(anonymous_5)","decl":{"start":{"line":30,"column":20},"end":{"line":30,"column":21}},"loc":{"start":{"line":30,"column":21},"end":{"line":38,"column":null}}},"5":{"name":"(anonymous_6)","decl":{"start":{"line":32,"column":27},"end":{"line":32,"column":28}},"loc":{"start":{"line":32,"column":36},"end":{"line":32,"column":60}}},"6":{"name":"(anonymous_7)","decl":{"start":{"line":42,"column":9},"end":{"line":42,"column":10}},"loc":{"start":{"line":42,"column":18},"end":{"line":42,"column":null}}},"7":{"name":"(anonymous_8)","decl":{"start":{"line":42,"column":31},"end":{"line":42,"column":32}},"loc":{"start":{"line":42,"column":38},"end":{"line":42,"column":null}}},"8":{"name":"(anonymous_9)","decl":{"start":{"line":43,"column":12},"end":{"line":43,"column":13}},"loc":{"start":{"line":43,"column":39},"end":{"line":43,"column":null}}},"9":{"name":"(anonymous_10)","decl":{"start":{"line":56,"column":22},"end":{"line":56,"column":23}},"loc":{"start":{"line":56,"column":29},"end":{"line":56,"column":null}}},"10":{"name":"(anonymous_11)","decl":{"start":{"line":72,"column":23},"end":{"line":72,"column":29}},"loc":{"start":{"line":72,"column":29},"end":{"line":72,"column":null}}},"11":{"name":"(anonymous_12)","decl":{"start":{"line":79,"column":23},"end":{"line":79,"column":29}},"loc":{"start":{"line":79,"column":29},"end":{"line":79,"column":null}}},"12":{"name":"(anonymous_13)","decl":{"start":{"line":94,"column":24},"end":{"line":94,"column":25}},"loc":{"start":{"line":95,"column":12},"end":{"line":96,"column":null}}},"13":{"name":"(anonymous_14)","decl":{"start":{"line":109,"column":19},"end":{"line":109,"column":25}},"loc":{"start":{"line":109,"column":25},"end":{"line":109,"column":null}}}},"branchMap":{"0":{"loc":{"start":{"line":20,"column":4},"end":{"line":20,"column":null}},"type":"if","locations":[{"start":{"line":20,"column":4},"end":{"line":20,"column":null}}]},"1":{"loc":{"start":{"line":23,"column":8},"end":{"line":25,"column":null}},"type":"binary-expr","locations":[{"start":{"line":23,"column":8},"end":{"line":23,"column":null}},{"start":{"line":24,"column":8},"end":{"line":24,"column":null}},{"start":{"line":25,"column":8},"end":{"line":25,"column":null}}]},"2":{"loc":{"start":{"line":31,"column":6},"end":{"line":33,"column":null}},"type":"if","locations":[{"start":{"line":31,"column":6},"end":{"line":33,"column":null}}]},"3":{"loc":{"start":{"line":37,"column":13},"end":{"line":37,"column":null}},"type":"cond-expr","locations":[{"start":{"line":37,"column":41},"end":{"line":37,"column":81}},{"start":{"line":37,"column":81},"end":{"line":37,"column":null}}]},"4":{"loc":{"start":{"line":62,"column":9},"end":{"line":62,"column":null}},"type":"binary-expr","locations":[{"start":{"line":62,"column":9},"end":{"line":62,"column":null}}]},"5":{"loc":{"start":{"line":89,"column":8},"end":{"line":93,"column":9}},"type":"cond-expr","locations":[{"start":{"line":89,"column":8},"end":{"line":93,"column":9}}]},"6":{"loc":{"start":{"line":106,"column":7},"end":{"line":106,"column":null}},"type":"binary-expr","locations":[{"start":{"line":106,"column":7},"end":{"line":106,"column":null}}]}},"s":{"0":0,"1":0,"2":0,"3":0,"4":0,"5":0,"6":0,"7":0,"8":0,"9":0,"10":0,"11":0,"12":0,"13":0,"14":0,"15":0,"16":0,"17":0,"18":0,"19":0,"20":0,"21":0,"22":0,"23":0,"24":0,"25":0,"26":0,"27":0,"28":0,"29":0,"30":0},"f":{"0":0,"1":0,"2":0,"3":0,"4":0,"5":0,"6":0,"7":0,"8":0,"9":0,"10":0,"11":0,"12":0,"13":0},"b":{"0":[0],"1":[0,0,0],"2":[0],"3":[0,0],"4":[0],"5":[0],"6":[0]}}
,"/Users/aakarsh_88/f1-analytics/frontend/src/components/drivers/results-distribution-chart.tsx": {"path":"/Users/aakarsh_88/f1-analytics/frontend/src/components/drivers/results-distribution-chart.tsx","statementMap":{"0":{"start":{"line":23,"column":16},"end":{"line":23,"column":41}},"1":{"start":{"line":3,"column":74},"end":{"line":3,"column":null}},"2":{"start":{"line":7,"column":21},"end":{"line":13,"column":null}},"3":{"start":{"line":15,"column":61},"end":{"line":21,"column":null}},"4":{"start":{"line":24,"column":15},"end":{"line":26,"column":null}},"5":{"start":{"line":25,"column":19},"end":{"line":25,"column":null}},"6":{"start":{"line":26,"column":23},"end":{"line":26,"column":null}},"7":{"start":{"line":33,"column":12},"end":{"line":33,"column":34}}},"fnMap":{"0":{"name":"ResultsDistributionChart","decl":{"start":{"line":23,"column":16},"end":{"line":23,"column":41}},"loc":{"start":{"line":23,"column":87},"end":{"line":49,"column":null}}},"1":{"name":"(anonymous_2)","decl":{"start":{"line":25,"column":9},"end":{"line":25,"column":10}},"loc":{"start":{"line":25,"column":19},"end":{"line":25,"column":null}}},"2":{"name":"(anonymous_3)","decl":{"start":{"line":26,"column":12},"end":{"line":26,"column":13}},"loc":{"start":{"line":26,"column":23},"end":{"line":26,"column":null}}},"3":{"name":"(anonymous_4)","decl":{"start":{"line":32,"column":20},"end":{"line":32,"column":21}},"loc":{"start":{"line":33,"column":12},"end":{"line":33,"column":34}}}},"branchMap":{},"s":{"0":0,"1":0,"2":0,"3":0,"4":0,"5":0,"6":0,"7":0},"f":{"0":0,"1":0,"2":0,"3":0},"b":{}}
,"/Users/aakarsh_88/f1-analytics/frontend/src/components/layout/sidebar.tsx": {"path":"/Users/aakarsh_88/f1-analytics/frontend/src/components/layout/sidebar.tsx","statementMap":{"0":{"start":{"line":19,"column":16},"end":{"line":19,"column":null}},"1":{"start":{"line":3,"column":74},"end":{"line":3,"column":null}},"2":{"start":{"line":4,"column":17},"end":{"line":4,"column":null}},"3":{"start":{"line":5,"column":28},"end":{"line":5,"column":null}},"4":{"start":{"line":7,"column":19},"end":{"line":7,"column":null}},"5":{"start":{"line":9,"column":18},"end":{"line":17,"column":null}},"6":{"start":{"line":20,"column":19},"end":{"line":20,"column":null}},"7":{"start":{"line":33,"column":27},"end":{"line":33,"column":49}},"8":{"start":{"line":34,"column":23},"end":{"line":34,"column":32}},"9":{"start":{"line":35,"column":10},"end":{"line":37,"column":null}}},"fnMap":{"0":{"name":"Sidebar","decl":{"start":{"line":19,"column":16},"end":{"line":19,"column":null}},"loc":{"start":{"line":19,"column":16},"end":{"line":61,"column":null}}},"1":{"name":"(anonymous_3)","decl":{"start":{"line":32,"column":23},"end":{"line":32,"column":24}},"loc":{"start":{"line":32,"column":24},"end":{"line":53,"column":null}}}},"branchMap":{"0":{"loc":{"start":{"line":41,"column":16},"end":{"line":43,"column":null}},"type":"cond-expr","locations":[{"start":{"line":42,"column":20},"end":{"line":42,"column":null}},{"start":{"line":43,"column":20},"end":{"line":43,"column":null}}]},"1":{"loc":{"start":{"line":48,"column":15},"end":{"line":48,"column":null}},"type":"binary-expr","locations":[{"start":{"line":48,"column":15},"end":{"line":48,"column":null}}]}},"s":{"0":0,"1":0,"2":0,"3":0,"4":0,"5":0,"6":0,"7":0,"8":0,"9":0},"f":{"0":0,"1":0},"b":{"0":[0,0],"1":[0]}}
,"/Users/aakarsh_88/f1-analytics/frontend/src/components/layout/theme-provider.tsx": {"path":"/Users/aakarsh_88/f1-analytics/frontend/src/components/layout/theme-provider.tsx","statementMap":{"0":{"start":{"line":12,"column":16},"end":{"line":12,"column":30}},"1":{"start":{"line":3,"column":52},"end":{"line":3,"column":null}}},"fnMap":{"0":{"name":"ThemeProvider","decl":{"start":{"line":12,"column":16},"end":{"line":12,"column":30}},"loc":{"start":{"line":12,"column":67},"end":{"line":18,"column":null}}}},"branchMap":{},"s":{"0":0,"1":0},"f":{"0":0},"b":{}}
,"/Users/aakarsh_88/f1-analytics/frontend/src/components/layout/theme-toggle.tsx": {"path":"/Users/aakarsh_88/f1-analytics/frontend/src/components/layout/theme-toggle.tsx","statementMap":{"0":{"start":{"line":15,"column":16},"end":{"line":15,"column":null}},"1":{"start":{"line":3,"column":26},"end":{"line":3,"column":null}},"2":{"start":{"line":4,"column":25},"end":{"line":4,"column":null}},"3":{"start":{"line":5,"column":36},"end":{"line":5,"column":null}},"4":{"start":{"line":7,"column":19},"end":{"line":7,"column":null}},"5":{"start":{"line":16,"column":38},"end":{"line":16,"column":null}},"6":{"start":{"line":17,"column":32},"end":{"line":17,"column":null}},"7":{"start":{"line":22,"column":2},"end":{"line":22,"column":null}},"8":{"start":{"line":22,"column":18},"end":{"line":22,"column":36}},"9":{"start":{"line":24,"column":17},"end":{"line":24,"column":null}},"10":{"start":{"line":26,"column":0},"end":{"line":28,"column":null}},"11":{"start":{"line":27,"column":2},"end":{"line":27,"column":null}},"12":{"start":{"line":36,"column":21},"end":{"line":36,"column":null}}},"fnMap":{"0":{"name":"ThemeToggle","decl":{"start":{"line":15,"column":16},"end":{"line":15,"column":null}},"loc":{"start":{"line":15,"column":16},"end":{"line":53,"column":null}}},"1":{"name":"(anonymous_2)","decl":{"start":{"line":22,"column":12},"end":{"line":22,"column":18}},"loc":{"start":{"line":22,"column":18},"end":{"line":22,"column":36}}},"2":{"name":"(anonymous_3)","decl":{"start":{"line":36,"column":15},"end":{"line":36,"column":21}},"loc":{"start":{"line":36,"column":21},"end":{"line":36,"column":null}}}},"branchMap":{"0":{"loc":{"start":{"line":26,"column":0},"end":{"line":28,"column":null}},"type":"if","locations":[{"start":{"line":26,"column":0},"end":{"line":28,"column":null}}]},"1":{"loc":{"start":{"line":36,"column":30},"end":{"line":36,"column":null}},"type":"cond-expr","locations":[{"start":{"line":36,"column":39},"end":{"line":36,"column":49}},{"start":{"line":36,"column":49},"end":{"line":36,"column":null}}]},"2":{"loc":{"start":{"line":46,"column":10},"end":{"line":46,"column":null}},"type":"cond-expr","locations":[{"start":{"line":46,"column":19},"end":{"line":46,"column":37}},{"start":{"line":46,"column":37},"end":{"line":46,"column":null}}]},"3":{"loc":{"start":{"line":49,"column":18},"end":{"line":49,"column":58}},"type":"cond-expr","locations":[{"start":{"line":49,"column":18},"end":{"line":49,"column":58}}]}},"s":{"0":67,"1":3,"2":3,"3":3,"4":3,"5":78,"6":78,"7":78,"8":11,"9":78,"10":78,"11":11,"12":2},"f":{"0":78,"1":11,"2":2},"b":{"0":[11],"1":[1,1],"2":[2,65],"3":[2]}}
,"/Users/aakarsh_88/f1-analytics/frontend/src/components/layout/top-nav.tsx": {"path":"/Users/aakarsh_88/f1-analytics/frontend/src/components/layout/top-nav.tsx","statementMap":{"0":{"start":{"line":35,"column":16},"end":{"line":35,"column":23}},"1":{"start":{"line":9,"column":7},"end":{"line":9,"column":null}},"2":{"start":{"line":11,"column":55},"end":{"line":11,"column":null}},"3":{"start":{"line":12,"column":26},"end":{"line":12,"column":null}},"4":{"start":{"line":13,"column":53},"end":{"line":13,"column":null}},"5":{"start":{"line":15,"column":28},"end":{"line":15,"column":null}},"6":{"start":{"line":16,"column":19},"end":{"line":16,"column":null}},"7":{"start":{"line":19,"column":56},"end":{"line":24,"column":null}},"8":{"start":{"line":26,"column":51},"end":{"line":31,"column":null}},"9":{"start":{"line":33,"column":20},"end":{"line":33,"column":null}},"10":{"start":{"line":36,"column":28},"end":{"line":36,"column":null}},"11":{"start":{"line":37,"column":26},"end":{"line":37,"column":null}},"12":{"start":{"line":38,"column":23},"end":{"line":38,"column":null}},"13":{"start":{"line":39,"column":17},"end":{"line":39,"column":null}},"14":{"start":{"line":41,"column":18},"end":{"line":50,"column":null}},"15":{"start":{"line":42,"column":14},"end":{"line":42,"column":null}},"16":{"start":{"line":43,"column":4},"end":{"line":43,"column":null}},"17":{"start":{"line":43,"column":12},"end":{"line":43,"column":null}},"18":{"start":{"line":44,"column":4},"end":{"line":49,"column":null}},"19":{"start":{"line":47,"column":10},"end":{"line":47,"column":null}},"20":{"start":{"line":54,"column":2},"end":{"line":62,"column":null}},"21":{"start":{"line":56,"column":6},"end":{"line":58,"column":null}},"22":{"start":{"line":57,"column":8},"end":{"line":57,"column":null}},"23":{"start":{"line":60,"column":4},"end":{"line":60,"column":null}},"24":{"start":{"line":61,"column":4},"end":{"line":61,"column":null}},"25":{"start":{"line":61,"column":17},"end":{"line":61,"column":null}},"26":{"start":{"line":65,"column":4},"end":{"line":65,"column":null}},"27":{"start":{"line":66,"column":4},"end":{"line":66,"column":null}},"28":{"start":{"line":67,"column":4},"end":{"line":67,"column":null}},"29":{"start":{"line":81,"column":12},"end":{"line":81,"column":null}},"30":{"start":{"line":82,"column":12},"end":{"line":82,"column":null}},"31":{"start":{"line":84,"column":25},"end":{"line":84,"column":null}},"32":{"start":{"line":98,"column":31},"end":{"line":98,"column":51}},"33":{"start":{"line":99,"column":18},"end":{"line":100,"column":null}},"34":{"start":{"line":103,"column":39},"end":{"line":103,"column":null}},"35":{"start":{"line":137,"column":42},"end":{"line":137,"column":52}},"36":{"start":{"line":138,"column":6},"end":{"line":138,"column":25}}},"fnMap":{"0":{"name":"TopNav","decl":{"start":{"line":35,"column":16},"end":{"line":35,"column":23}},"loc":{"start":{"line":35,"column":69},"end":{"line":160,"column":null}}},"1":{"name":"(anonymous_2)","decl":{"start":{"line":41,"column":26},"end":{"line":41,"column":null}},"loc":{"start":{"line":41,"column":26},"end":{"line":50,"column":5}}},"2":{"name":"(anonymous_3)","decl":{"start":{"line":46,"column":8},"end":{"line":46,"column":9}},"loc":{"start":{"line":47,"column":10},"end":{"line":47,"column":null}}},"3":{"name":"(anonymous_4)","decl":{"start":{"line":54,"column":12},"end":{"line":54,"column":null}},"loc":{"start":{"line":54,"column":12},"end":{"line":62,"column":5}}},"4":{"name":"onClickOutside","decl":{"start":{"line":55,"column":13},"end":{"line":55,"column":28}},"loc":{"start":{"line":55,"column":41},"end":{"line":59,"column":null}}},"5":{"name":"(anonymous_6)","decl":{"start":{"line":61,"column":11},"end":{"line":61,"column":17}},"loc":{"start":{"line":61,"column":17},"end":{"line":61,"column":null}}},"6":{"name":"goTo","decl":{"start":{"line":64,"column":11},"end":{"line":64,"column":16}},"loc":{"start":{"line":64,"column":28},"end":{"line":68,"column":null}}},"7":{"name":"(anonymous_8)","decl":{"start":{"line":80,"column":20},"end":{"line":80,"column":21}},"loc":{"start":{"line":80,"column":21},"end":{"line":83,"column":null}}},"8":{"name":"(anonymous_9)","decl":{"start":{"line":84,"column":19},"end":{"line":84,"column":25}},"loc":{"start":{"line":84,"column":25},"end":{"line":84,"column":null}}},"9":{"name":"(anonymous_10)","decl":{"start":{"line":97,"column":29},"end":{"line":97,"column":30}},"loc":{"start":{"line":97,"column":30},"end":{"line":124,"column":null}}},"10":{"name":"(anonymous_11)","decl":{"start":{"line":103,"column":33},"end":{"line":103,"column":39}},"loc":{"start":{"line":103,"column":39},"end":{"line":103,"column":null}}},"11":{"name":"(anonymous_12)","decl":{"start":{"line":137,"column":32},"end":{"line":137,"column":33}},"loc":{"start":{"line":137,"column":42},"end":{"line":137,"column":52}}},"12":{"name":"(anonymous_13)","decl":{"start":{"line":137,"column":56},"end":{"line":137,"column":57}},"loc":{"start":{"line":138,"column":6},"end":{"line":138,"column":25}}}},"branchMap":{"0":{"loc":{"start":{"line":43,"column":4},"end":{"line":43,"column":null}},"type":"if","locations":[{"start":{"line":43,"column":4},"end":{"line":43,"column":null}}]},"1":{"loc":{"start":{"line":47,"column":10},"end":{"line":47,"column":null}},"type":"binary-expr","locations":[{"start":{"line":47,"column":10},"end":{"line":47,"column":50}},{"start":{"line":47,"column":50},"end":{"line":47,"column":null}}]},"2":{"loc":{"start":{"line":56,"column":6},"end":{"line":58,"column":null}},"type":"if","locations":[{"start":{"line":56,"column":6},"end":{"line":58,"column":null}}]},"3":{"loc":{"start":{"line":56,"column":10},"end":{"line":56,"column":84}},"type":"binary-expr","locations":[{"start":{"line":56,"column":10},"end":{"line":56,"column":30}},{"start":{"line":56,"column":34},"end":{"line":56,"column":84}}]},"4":{"loc":{"start":{"line":89,"column":9},"end":{"line":89,"column":17}},"type":"binary-expr","locations":[{"start":{"line":89,"column":9},"end":{"line":89,"column":17}},{"start":{"line":89,"column":17},"end":{"line":89,"column":null}}]},"5":{"loc":{"start":{"line":92,"column":14},"end":{"line":96,"column":15}},"type":"cond-expr","locations":[{"start":{"line":92,"column":14},"end":{"line":96,"column":15}}]},"6":{"loc":{"start":{"line":112,"column":27},"end":{"line":112,"column":40}},"type":"binary-expr","locations":[{"start":{"line":112,"column":27},"end":{"line":112,"column":40}}]}},"s":{"0":6,"1":1,"2":1,"3":1,"4":1,"5":1,"6":1,"7":1,"8":1,"9":1,"10":62,"11":62,"12":62,"13":62,"14":62,"15":57,"16":57,"17":7,"18":50,"19":376,"20":62,"21":6,"22":0,"23":6,"24":6,"25":6,"26":1,"27":1,"28":1,"29":50,"30":50,"31":5,"32":112,"33":112,"34":1,"35":620,"36":620},"f":{"0":62,"1":57,"2":376,"3":6,"4":6,"5":6,"6":1,"7":50,"8":5,"9":112,"10":1,"11":620,"12":620},"b":{"0":[7],"1":[376,132],"2":[0],"3":[6,6],"4":[62,55],"5":[15],"6":[112]}}
,"/Users/aakarsh_88/f1-analytics/frontend/src/components/races/lap-time-chart.tsx": {"path":"/Users/aakarsh_88/f1-analytics/frontend/src/components/races/lap-time-chart.tsx","statementMap":{"0":{"start":{"line":46,"column":16},"end":{"line":46,"column":29}},"1":{"start":{"line":3,"column":24},"end":{"line":3,"column":null}},"2":{"start":{"line":13,"column":7},"end":{"line":13,"column":null}},"3":{"start":{"line":17,"column":51},"end":{"line":21,"column":null}},"4":{"start":{"line":23,"column":27},"end":{"line":23,"column":null}},"5":{"start":{"line":35,"column":15},"end":{"line":35,"column":null}},"6":{"start":{"line":37,"column":2},"end":{"line":41,"column":null}},"7":{"start":{"line":38,"column":24},"end":{"line":38,"column":null}},"8":{"start":{"line":39,"column":4},"end":{"line":39,"column":null}},"9":{"start":{"line":40,"column":4},"end":{"line":40,"column":null}},"10":{"start":{"line":43,"column":2},"end":{"line":43,"column":null}},"11":{"start":{"line":43,"column":50},"end":{"line":43,"column":63}},"12":{"start":{"line":51,"column":15},"end":{"line":51,"column":null}},"13":{"start":{"line":51,"column":29},"end":{"line":51,"column":51}},"14":{"start":{"line":53,"column":22},"end":{"line":55,"column":null}},"15":{"start":{"line":54,"column":10},"end":{"line":54,"column":null}},"16":{"start":{"line":54,"column":49},"end":{"line":54,"column":61}},"17":{"start":{"line":107,"column":35},"end":{"line":107,"column":47}},"18":{"start":{"line":109,"column":12},"end":{"line":111,"column":null}},"19":{"start":{"line":110,"column":14},"end":{"line":110,"column":null}},"20":{"start":{"line":113,"column":12},"end":{"line":113,"column":null}},"21":{"start":{"line":125,"column":10},"end":{"line":126,"column":null}}},"fnMap":{"0":{"name":"pivotByLap","decl":{"start":{"line":34,"column":9},"end":{"line":34,"column":20}},"loc":{"start":{"line":34,"column":42},"end":{"line":44,"column":null}}},"1":{"name":"(anonymous_2)","decl":{"start":{"line":43,"column":40},"end":{"line":43,"column":41}},"loc":{"start":{"line":43,"column":50},"end":{"line":43,"column":63}}},"2":{"name":"LapTimeChart","decl":{"start":{"line":46,"column":16},"end":{"line":46,"column":29}},"loc":{"start":{"line":50,"column":1},"end":{"line":138,"column":null}}},"3":{"name":"(anonymous_4)","decl":{"start":{"line":51,"column":23},"end":{"line":51,"column":29}},"loc":{"start":{"line":51,"column":29},"end":{"line":51,"column":51}}},"4":{"name":"(anonymous_5)","decl":{"start":{"line":54,"column":4},"end":{"line":54,"column":10}},"loc":{"start":{"line":54,"column":10},"end":{"line":54,"column":null}}},"5":{"name":"(anonymous_6)","decl":{"start":{"line":54,"column":42},"end":{"line":54,"column":43}},"loc":{"start":{"line":54,"column":49},"end":{"line":54,"column":61}}},"6":{"name":"(anonymous_7)","decl":{"start":{"line":107,"column":26},"end":{"line":107,"column":27}},"loc":{"start":{"line":107,"column":35},"end":{"line":107,"column":47}}},"7":{"name":"(anonymous_8)","decl":{"start":{"line":108,"column":21},"end":{"line":108,"column":22}},"loc":{"start":{"line":108,"column":29},"end":{"line":114,"column":null}}},"8":{"name":"(anonymous_9)","decl":{"start":{"line":124,"column":25},"end":{"line":124,"column":26}},"loc":{"start":{"line":125,"column":10},"end":{"line":126,"column":null}}}},"branchMap":{"0":{"loc":{"start":{"line":38,"column":24},"end":{"line":38,"column":null}},"type":"binary-expr","locations":[{"start":{"line":38,"column":24},"end":{"line":38,"column":47}},{"start":{"line":38,"column":47},"end":{"line":38,"column":null}}]},"1":{"loc":{"start":{"line":109,"column":12},"end":{"line":111,"column":null}},"type":"if","locations":[{"start":{"line":109,"column":12},"end":{"line":111,"column":null}}]},"2":{"loc":{"start":{"line":113,"column":27},"end":{"line":113,"column":41}},"type":"binary-expr","locations":[{"start":{"line":113,"column":27},"end":{"line":113,"column":36}},{"start":{"line":113,"column":36},"end":{"line":113,"column":41}}]},"3":{"loc":{"start":{"line":129,"column":20},"end":{"line":129,"column":null}},"type":"binary-expr","locations":[{"start":{"line":129,"column":20},"end":{"line":129,"column":44}},{"start":{"line":129,"column":48},"end":{"line":129,"column":null}}]}},"s":{"0":0,"1":0,"2":0,"3":0,"4":0,"5":0,"6":0,"7":0,"8":0,"9":0,"10":0,"11":0,"12":0,"13":0,"14":0,"15":0,"16":0,"17":0,"18":0,"19":0,"20":0,"21":0},"f":{"0":0,"1":0,"2":0,"3":0,"4":0,"5":0,"6":0,"7":0,"8":0},"b":{"0":[0,0],"1":[0],"2":[0,0],"3":[0,0]}}
,"/Users/aakarsh_88/f1-analytics/frontend/src/components/races/pit-stops-table.tsx": {"path":"/Users/aakarsh_88/f1-analytics/frontend/src/components/races/pit-stops-table.tsx","statementMap":{"0":{"start":{"line":4,"column":16},"end":{"line":4,"column":30}},"1":{"start":{"line":1,"column":82},"end":{"line":1,"column":null}},"2":{"start":{"line":18,"column":10},"end":{"line":18,"column":null}}},"fnMap":{"0":{"name":"PitStopsTable","decl":{"start":{"line":4,"column":16},"end":{"line":4,"column":30}},"loc":{"start":{"line":4,"column":70},"end":{"line":31,"column":null}}},"1":{"name":"(anonymous_2)","decl":{"start":{"line":17,"column":22},"end":{"line":17,"column":23}},"loc":{"start":{"line":18,"column":10},"end":{"line":18,"column":null}}}},"branchMap":{"0":{"loc":{"start":{"line":22,"column":59},"end":{"line":22,"column":null}},"type":"binary-expr","locations":[{"start":{"line":22,"column":59},"end":{"line":22,"column":65}},{"start":{"line":22,"column":69},"end":{"line":22,"column":null}}]},"1":{"loc":{"start":{"line":24,"column":15},"end":{"line":24,"column":null}},"type":"cond-expr","locations":[{"start":{"line":24,"column":28},"end":{"line":24,"column":44}},{"start":{"line":24,"column":47},"end":{"line":24,"column":null}}]}},"s":{"0":0,"1":0,"2":0},"f":{"0":0,"1":0},"b":{"0":[0,0],"1":[0,0]}}
,"/Users/aakarsh_88/f1-analytics/frontend/src/components/races/qualifying-table.tsx": {"path":"/Users/aakarsh_88/f1-analytics/frontend/src/components/races/qualifying-table.tsx","statementMap":{"0":{"start":{"line":6,"column":16},"end":{"line":6,"column":32}},"1":{"start":{"line":1,"column":82},"end":{"line":1,"column":null}},"2":{"start":{"line":2,"column":33},"end":{"line":2,"column":null}},"3":{"start":{"line":3,"column":19},"end":{"line":3,"column":null}},"4":{"start":{"line":21,"column":10},"end":{"line":21,"column":null}}},"fnMap":{"0":{"name":"QualifyingTable","decl":{"start":{"line":6,"column":16},"end":{"line":6,"column":32}},"loc":{"start":{"line":6,"column":75},"end":{"line":35,"column":null}}},"1":{"name":"(anonymous_2)","decl":{"start":{"line":20,"column":22},"end":{"line":20,"column":23}},"loc":{"start":{"line":21,"column":10},"end":{"line":21,"column":null}}}},"branchMap":{"0":{"loc":{"start":{"line":22,"column":60},"end":{"line":22,"column":null}},"type":"binary-expr","locations":[{"start":{"line":22,"column":60},"end":{"line":22,"column":70}},{"start":{"line":22,"column":74},"end":{"line":22,"column":null}}]},"1":{"loc":{"start":{"line":27,"column":59},"end":{"line":27,"column":null}},"type":"binary-expr","locations":[{"start":{"line":27,"column":59},"end":{"line":27,"column":63}},{"start":{"line":27,"column":67},"end":{"line":27,"column":null}}]},"2":{"loc":{"start":{"line":28,"column":59},"end":{"line":28,"column":null}},"type":"binary-expr","locations":[{"start":{"line":28,"column":59},"end":{"line":28,"column":63}},{"start":{"line":28,"column":67},"end":{"line":28,"column":null}}]},"3":{"loc":{"start":{"line":29,"column":78},"end":{"line":29,"column":null}},"type":"binary-expr","locations":[{"start":{"line":29,"column":78},"end":{"line":29,"column":82}},{"start":{"line":29,"column":86},"end":{"line":29,"column":null}}]}},"s":{"0":0,"1":0,"2":0,"3":0,"4":0},"f":{"0":0,"1":0},"b":{"0":[0,0],"1":[0,0],"2":[0,0],"3":[0,0]}}
,"/Users/aakarsh_88/f1-analytics/frontend/src/components/races/races-table.tsx": {"path":"/Users/aakarsh_88/f1-analytics/frontend/src/components/races/races-table.tsx","statementMap":{"0":{"start":{"line":13,"column":16},"end":{"line":13,"column":27}},"1":{"start":{"line":3,"column":23},"end":{"line":3,"column":null}},"2":{"start":{"line":4,"column":17},"end":{"line":4,"column":null}},"3":{"start":{"line":5,"column":34},"end":{"line":5,"column":null}},"4":{"start":{"line":7,"column":27},"end":{"line":7,"column":null}},"5":{"start":{"line":8,"column":82},"end":{"line":8,"column":null}},"6":{"start":{"line":11,"column":18},"end":{"line":11,"column":null}},"7":{"start":{"line":14,"column":28},"end":{"line":14,"column":null}},"8":{"start":{"line":15,"column":26},"end":{"line":15,"column":null}},"9":{"start":{"line":17,"column":19},"end":{"line":26,"column":null}},"10":{"start":{"line":18,"column":14},"end":{"line":18,"column":null}},"11":{"start":{"line":19,"column":4},"end":{"line":19,"column":null}},"12":{"start":{"line":19,"column":12},"end":{"line":19,"column":null}},"13":{"start":{"line":20,"column":4},"end":{"line":24,"column":null}},"14":{"start":{"line":22,"column":8},"end":{"line":24,"column":null}},"15":{"start":{"line":28,"column":21},"end":{"line":28,"column":null}},"16":{"start":{"line":29,"column":20},"end":{"line":29,"column":null}},"17":{"start":{"line":42,"column":12},"end":{"line":42,"column":null}},"18":{"start":{"line":43,"column":12},"end":{"line":43,"column":null}},"19":{"start":{"line":68,"column":14},"end":{"line":68,"column":null}}},"fnMap":{"0":{"name":"RacesTable","decl":{"start":{"line":13,"column":16},"end":{"line":13,"column":27}},"loc":{"start":{"line":13,"column":62},"end":{"line":91,"column":null}}},"1":{"name":"(anonymous_3)","decl":{"start":{"line":17,"column":27},"end":{"line":17,"column":null}},"loc":{"start":{"line":17,"column":27},"end":{"line":26,"column":5}}},"2":{"name":"(anonymous_4)","decl":{"start":{"line":21,"column":6},"end":{"line":21,"column":7}},"loc":{"start":{"line":22,"column":8},"end":{"line":24,"column":null}}},"3":{"name":"(anonymous_5)","decl":{"start":{"line":41,"column":20},"end":{"line":41,"column":21}},"loc":{"start":{"line":41,"column":21},"end":{"line":44,"column":null}}},"4":{"name":"(anonymous_6)","decl":{"start":{"line":67,"column":26},"end":{"line":67,"column":27}},"loc":{"start":{"line":68,"column":14},"end":{"line":68,"column":null}}}},"branchMap":{"0":{"loc":{"start":{"line":19,"column":4},"end":{"line":19,"column":null}},"type":"if","locations":[{"start":{"line":19,"column":4},"end":{"line":19,"column":null}}]},"1":{"loc":{"start":{"line":22,"column":8},"end":{"line":24,"column":null}},"type":"binary-expr","locations":[{"start":{"line":22,"column":8},"end":{"line":22,"column":null}},{"start":{"line":23,"column":8},"end":{"line":23,"column":null}},{"start":{"line":24,"column":8},"end":{"line":24,"column":null}}]},"2":{"loc":{"start":{"line":60,"column":11},"end":{"line":68,"column":null}},"type":"cond-expr","locations":[{"start":{"line":61,"column":12},"end":{"line":67,"column":22}},{"start":{"line":67,"column":12},"end":{"line":68,"column":null}}]},"3":{"loc":{"start":{"line":77,"column":19},"end":{"line":77,"column":55}},"type":"binary-expr","locations":[{"start":{"line":77,"column":19},"end":{"line":77,"column":31}},{"start":{"line":77,"column":35},"end":{"line":77,"column":55}}]}},"s":{"0":0,"1":0,"2":0,"3":0,"4":0,"5":0,"6":0,"7":0,"8":0,"9":0,"10":0,"11":0,"12":0,"13":0,"14":0,"15":0,"16":0,"17":0,"18":0,"19":0},"f":{"0":0,"1":0,"2":0,"3":0,"4":0},"b":{"0":[0],"1":[0,0,0],"2":[0,0],"3":[0,0]}}
,"/Users/aakarsh_88/f1-analytics/frontend/src/components/races/results-table.tsx": {"path":"/Users/aakarsh_88/f1-analytics/frontend/src/components/races/results-table.tsx","statementMap":{"0":{"start":{"line":7,"column":16},"end":{"line":7,"column":29}},"1":{"start":{"line":1,"column":22},"end":{"line":1,"column":null}},"2":{"start":{"line":2,"column":82},"end":{"line":2,"column":null}},"3":{"start":{"line":3,"column":33},"end":{"line":3,"column":null}},"4":{"start":{"line":4,"column":19},"end":{"line":4,"column":null}},"5":{"start":{"line":23,"column":10},"end":{"line":23,"column":null}}},"fnMap":{"0":{"name":"ResultsTable","decl":{"start":{"line":7,"column":16},"end":{"line":7,"column":29}},"loc":{"start":{"line":7,"column":70},"end":{"line":40,"column":null}}},"1":{"name":"(anonymous_2)","decl":{"start":{"line":22,"column":21},"end":{"line":22,"column":22}},"loc":{"start":{"line":23,"column":10},"end":{"line":23,"column":null}}}},"branchMap":{"0":{"loc":{"start":{"line":31,"column":59},"end":{"line":31,"column":null}},"type":"binary-expr","locations":[{"start":{"line":31,"column":59},"end":{"line":31,"column":75}},{"start":{"line":31,"column":79},"end":{"line":31,"column":null}}]},"1":{"loc":{"start":{"line":33,"column":30},"end":{"line":33,"column":80}},"type":"cond-expr","locations":[{"start":{"line":33,"column":56},"end":{"line":33,"column":68}},{"start":{"line":33,"column":68},"end":{"line":33,"column":80}}]}},"s":{"0":0,"1":0,"2":0,"3":0,"4":0,"5":0},"f":{"0":0,"1":0},"b":{"0":[0,0],"1":[0,0]}}
,"/Users/aakarsh_88/f1-analytics/frontend/src/components/standings/constructor-standings-section.tsx": {"path":"/Users/aakarsh_88/f1-analytics/frontend/src/components/standings/constructor-standings-section.tsx","statementMap":{"0":{"start":{"line":9,"column":16},"end":{"line":9,"column":44}},"1":{"start":{"line":3,"column":23},"end":{"line":3,"column":null}},"2":{"start":{"line":4,"column":34},"end":{"line":4,"column":null}},"3":{"start":{"line":6,"column":42},"end":{"line":6,"column":null}},"4":{"start":{"line":10,"column":28},"end":{"line":10,"column":null}},"5":{"start":{"line":12,"column":19},"end":{"line":16,"column":null}},"6":{"start":{"line":13,"column":14},"end":{"line":13,"column":null}},"7":{"start":{"line":14,"column":4},"end":{"line":14,"column":null}},"8":{"start":{"line":14,"column":12},"end":{"line":14,"column":null}},"9":{"start":{"line":15,"column":4},"end":{"line":15,"column":null}},"10":{"start":{"line":15,"column":30},"end":{"line":15,"column":null}},"11":{"start":{"line":28,"column":27},"end":{"line":28,"column":null}}},"fnMap":{"0":{"name":"ConstructorStandingsSection","decl":{"start":{"line":9,"column":16},"end":{"line":9,"column":44}},"loc":{"start":{"line":9,"column":88},"end":{"line":43,"column":null}}},"1":{"name":"(anonymous_2)","decl":{"start":{"line":12,"column":27},"end":{"line":12,"column":null}},"loc":{"start":{"line":12,"column":27},"end":{"line":16,"column":5}}},"2":{"name":"(anonymous_3)","decl":{"start":{"line":15,"column":23},"end":{"line":15,"column":24}},"loc":{"start":{"line":15,"column":30},"end":{"line":15,"column":null}}},"3":{"name":"(anonymous_4)","decl":{"start":{"line":28,"column":20},"end":{"line":28,"column":21}},"loc":{"start":{"line":28,"column":27},"end":{"line":28,"column":null}}}},"branchMap":{"0":{"loc":{"start":{"line":14,"column":4},"end":{"line":14,"column":null}},"type":"if","locations":[{"start":{"line":14,"column":4},"end":{"line":14,"column":null}}]},"1":{"loc":{"start":{"line":35,"column":8},"end":{"line":39,"column":9}},"type":"cond-expr","locations":[{"start":{"line":35,"column":8},"end":{"line":39,"column":9}}]}},"s":{"0":0,"1":0,"2":0,"3":0,"4":0,"5":0,"6":0,"7":0,"8":0,"9":0,"10":0,"11":0},"f":{"0":0,"1":0,"2":0,"3":0},"b":{"0":[0],"1":[0]}}
,"/Users/aakarsh_88/f1-analytics/frontend/src/components/standings/constructor-standings-table.tsx": {"path":"/Users/aakarsh_88/f1-analytics/frontend/src/components/standings/constructor-standings-table.tsx","statementMap":{"0":{"start":{"line":6,"column":16},"end":{"line":6,"column":42}},"1":{"start":{"line":1,"column":82},"end":{"line":1,"column":null}},"2":{"start":{"line":2,"column":33},"end":{"line":2,"column":null}},"3":{"start":{"line":3,"column":19},"end":{"line":3,"column":null}},"4":{"start":{"line":19,"column":10},"end":{"line":19,"column":null}}},"fnMap":{"0":{"name":"ConstructorStandingsTable","decl":{"start":{"line":6,"column":16},"end":{"line":6,"column":42}},"loc":{"start":{"line":6,"column":86},"end":{"line":33,"column":null}}},"1":{"name":"(anonymous_2)","decl":{"start":{"line":18,"column":18},"end":{"line":18,"column":19}},"loc":{"start":{"line":19,"column":10},"end":{"line":19,"column":null}}}},"branchMap":{},"s":{"0":0,"1":0,"2":0,"3":0,"4":0},"f":{"0":0,"1":0},"b":{}}
[...]
,"/Users/aakarsh_88/f1-analytics/frontend/src/lib/api/dashboard.ts": {"path":"/Users/aakarsh_88/f1-analytics/frontend/src/lib/api/dashboard.ts","statementMap":{"0":{"start":{"line":20,"column":22},"end":{"line":20,"column":null}},"1":{"start":{"line":1,"column":7},"end":{"line":1,"column":null}},"2":{"start":{"line":21,"column":2},"end":{"line":57,"column":null}}},"fnMap":{"0":{"name":"getDashboardStats","decl":{"start":{"line":20,"column":22},"end":{"line":20,"column":null}},"loc":{"start":{"line":20,"column":22},"end":{"line":58,"column":null}}}},"branchMap":{},"s":{"0":0,"1":0,"2":0},"f":{"0":0},"b":{}}
,"/Users/aakarsh_88/f1-analytics/frontend/src/lib/api/drivers.ts": {"path":"/Users/aakarsh_88/f1-analytics/frontend/src/lib/api/drivers.ts","statementMap":{"0":{"start":{"line":71,"column":22},"end":{"line":71,"column":37}},"1":{"start":{"line":11,"column":22},"end":{"line":11,"column":32}},"2":{"start":{"line":1,"column":7},"end":{"line":1,"column":null}},"3":{"start":{"line":12,"column":2},"end":{"line":61,"column":null}},"4":{"start":{"line":72,"column":18},"end":{"line":72,"column":null}},"5":{"start":{"line":73,"column":18},"end":{"line":73,"column":null}},"6":{"start":{"line":73,"column":38},"end":{"line":73,"column":null}},"7":{"start":{"line":74,"column":2},"end":{"line":74,"column":null}},"8":{"start":{"line":74,"column":16},"end":{"line":74,"column":null}},"9":{"start":{"line":76,"column":21},"end":{"line":76,"column":null}},"10":{"start":{"line":77,"column":15},"end":{"line":77,"column":null}},"11":{"start":{"line":78,"column":23},"end":{"line":78,"column":null}},"12":{"start":{"line":79,"column":25},"end":{"line":79,"column":null}},"13":{"start":{"line":80,"column":27},"end":{"line":80,"column":null}},"14":{"start":{"line":82,"column":2},"end":{"line":95,"column":null}},"15":{"start":{"line":100,"column":18},"end":{"line":100,"column":null}},"16":{"start":{"line":101,"column":18},"end":{"line":101,"column":null}},"17":{"start":{"line":102,"column":18},"end":{"line":102,"column":null}},"18":{"start":{"line":103,"column":17},"end":{"line":107,"column":null}},"19":{"start":{"line":104,"column":17},"end":{"line":104,"column":null}},"20":{"start":{"line":105,"column":4},"end":{"line":105,"column":null}},"21":{"start":{"line":106,"column":4},"end":{"line":106,"column":null}},"22":{"start":{"line":108,"column":2},"end":{"line":108,"column":null}}},"fnMap":{"0":{"name":"getDrivers","decl":{"start":{"line":11,"column":22},"end":{"line":11,"column":32}},"loc":{"start":{"line":11,"column":22},"end":{"line":62,"column":null}}},"1":{"name":"getDriverDetail","decl":{"start":{"line":71,"column":22},"end":{"line":71,"column":37}},"loc":{"start":{"line":71,"column":55},"end":{"line":96,"column":null}}},"2":{"name":"(anonymous_5)","decl":{"start":{"line":73,"column":31},"end":{"line":73,"column":32}},"loc":{"start":{"line":73,"column":38},"end":{"line":73,"column":null}}},"3":{"name":"buildMockSeasonWins","decl":{"start":{"line":99,"column":9},"end":{"line":99,"column":29}},"loc":{"start":{"line":99,"column":46},"end":{"line":109,"column":null}}},"4":{"name":"(anonymous_7)","decl":{"start":{"line":103,"column":29},"end":{"line":103,"column":30}},"loc":{"start":{"line":103,"column":38},"end":{"line":107,"column":null}}}},"branchMap":{"0":{"loc":{"start":{"line":74,"column":2},"end":{"line":74,"column":null}},"type":"if","locations":[{"start":{"line":74,"column":2},"end":{"line":74,"column":null}}]},"1":{"loc":{"start":{"line":104,"column":17},"end":{"line":104,"column":null}},"type":"cond-expr","locations":[{"start":{"line":104,"column":44},"end":{"line":104,"column":56}},{"start":{"line":104,"column":56},"end":{"line":104,"column":null}}]}},"s":{"0":0,"1":0,"2":0,"3":0,"4":0,"5":0,"6":0,"7":0,"8":0,"9":0,"10":0,"11":0,"12":0,"13":0,"14":0,"15":0,"16":0,"17":0,"18":0,"19":0,"20":0,"21":0,"22":0},"f":{"0":0,"1":0,"2":0,"3":0,"4":0},"b":{"0":[0],"1":[0,0]}}
,"/Users/aakarsh_88/f1-analytics/frontend/src/lib/api/races.ts": {"path":"/Users/aakarsh_88/f1-analytics/frontend/src/lib/api/races.ts","statementMap":{"0":{"start":{"line":56,"column":22},"end":{"line":56,"column":35}},"1":{"start":{"line":10,"column":22},"end":{"line":10,"column":30}},"2":{"start":{"line":1,"column":7},"end":{"line":1,"column":null}},"3":{"start":{"line":11,"column":2},"end":{"line":48,"column":null}},"4":{"start":{"line":57,"column":16},"end":{"line":57,"column":null}},"5":{"start":{"line":58,"column":15},"end":{"line":58,"column":null}},"6":{"start":{"line":58,"column":33},"end":{"line":58,"column":null}},"7":{"start":{"line":59,"column":2},"end":{"line":59,"column":null}},"8":{"start":{"line":59,"column":13},"end":{"line":59,"column":null}},"9":{"start":{"line":61,"column":2},"end":{"line":148,"column":null}},"10":{"start":{"line":153,"column":18},"end":{"line":157,"column":null}},"11":{"start":{"line":158,"column":17},"end":{"line":158,"column":19}},"12":{"start":{"line":159,"column":2},"end":{"line":164,"column":null}},"13":{"start":{"line":159,"column":17},"end":{"line":159,"column":20}},"14":{"start":{"line":160,"column":4},"end":{"line":163,"column":null}},"15":{"start":{"line":161,"column":23},"end":{"line":161,"column":null}},"16":{"start":{"line":162,"column":6},"end":{"line":162,"column":null}},"17":{"start":{"line":165,"column":2},"end":{"line":165,"column":null}}},"fnMap":{"0":{"name":"getRaces","decl":{"start":{"line":10,"column":22},"end":{"line":10,"column":30}},"loc":{"start":{"line":10,"column":22},"end":{"line":49,"column":null}}},"1":{"name":"getRaceDetail","decl":{"start":{"line":56,"column":22},"end":{"line":56,"column":35}},"loc":{"start":{"line":56,"column":50},"end":{"line":149,"column":null}}},"2":{"name":"(anonymous_5)","decl":{"start":{"line":58,"column":26},"end":{"line":58,"column":27}},"loc":{"start":{"line":58,"column":33},"end":{"line":58,"column":null}}},"3":{"name":"buildMockLapTimes","decl":{"start":{"line":152,"column":9},"end":{"line":152,"column":null}},"loc":{"start":{"line":152,"column":9},"end":{"line":166,"column":null}}}},"branchMap":{"0":{"loc":{"start":{"line":59,"column":2},"end":{"line":59,"column":null}},"type":"if","locations":[{"start":{"line":59,"column":2},"end":{"line":59,"column":null}}]}},"s":{"0":0,"1":0,"2":0,"3":0,"4":0,"5":0,"6":0,"7":0,"8":0,"9":0,"10":0,"11":0,"12":0,"13":0,"14":0,"15":0,"16":0,"17":0},"f":{"0":0,"1":0,"2":0,"3":0},"b":{"0":[0]}}
,"/Users/aakarsh_88/f1-analytics/frontend/src/lib/api/search.ts": {"path":"/Users/aakarsh_88/f1-analytics/frontend/src/lib/api/search.ts","statementMap":{"0":{"start":{"line":21,"column":22},"end":{"line":21,"column":null}},"1":{"start":{"line":1,"column":7},"end":{"line":1,"column":null}},"2":{"start":{"line":3,"column":32},"end":{"line":3,"column":null}},"3":{"start":{"line":4,"column":27},"end":{"line":4,"column":null}},"4":{"start":{"line":5,"column":25},"end":{"line":5,"column":null}},"5":{"start":{"line":6,"column":29},"end":{"line":6,"column":null}},"6":{"start":{"line":22,"column":52},"end":{"line":27,"column":null}},"7":{"start":{"line":29,"column":36},"end":{"line":34,"column":null}},"8":{"start":{"line":29,"column":56},"end":{"line":34,"column":null}},"9":{"start":{"line":36,"column":41},"end":{"line":41,"column":null}},"10":{"start":{"line":36,"column":66},"end":{"line":41,"column":null}},"11":{"start":{"line":43,"column":34},"end":{"line":48,"column":null}},"12":{"start":{"line":43,"column":52},"end":{"line":48,"column":null}},"13":{"start":{"line":50,"column":34},"end":{"line":63,"column":null}},"14":{"start":{"line":65,"column":2},"end":{"line":65,"column":null}}},"fnMap":{"0":{"name":"getSearchIndex","decl":{"start":{"line":21,"column":22},"end":{"line":21,"column":null}},"loc":{"start":{"line":21,"column":22},"end":{"line":66,"column":null}}},"1":{"name":"(anonymous_2)","decl":{"start":{"line":29,"column":48},"end":{"line":29,"column":49}},"loc":{"start":{"line":29,"column":56},"end":{"line":34,"column":null}}},"2":{"name":"(anonymous_3)","decl":{"start":{"line":36,"column":58},"end":{"line":36,"column":59}},"loc":{"start":{"line":36,"column":66},"end":{"line":41,"column":null}}},"3":{"name":"(anonymous_4)","decl":{"start":{"line":43,"column":44},"end":{"line":43,"column":45}},"loc":{"start":{"line":43,"column":52},"end":{"line":48,"column":null}}}},"branchMap":{"0":{"loc":{"start":{"line":32,"column":14},"end":{"line":32,"column":null}},"type":"binary-expr","locations":[{"start":{"line":32,"column":14},"end":{"line":32,"column":27}},{"start":{"line":32,"column":31},"end":{"line":32,"column":null}}]},"1":{"loc":{"start":{"line":39,"column":14},"end":{"line":39,"column":null}},"type":"binary-expr","locations":[{"start":{"line":39,"column":14},"end":{"line":39,"column":27}},{"start":{"line":39,"column":31},"end":{"line":39,"column":null}}]}},"s":{"0":0,"1":0,"2":0,"3":0,"4":0,"5":0,"6":0,"7":0,"8":0,"9":0,"10":0,"11":0,"12":0,"13":0,"14":0},"f":{"0":0,"1":0,"2":0,"3":0},"b":{"0":[0,0],"1":[0,0]}}
,"/Users/aakarsh_88/f1-analytics/frontend/src/lib/api/standings.ts": {"path":"/Users/aakarsh_88/f1-analytics/frontend/src/lib/api/standings.ts","statementMap":{"0":{"start":{"line":9,"column":22},"end":{"line":9,"column":null}},"1":{"start":{"line":1,"column":7},"end":{"line":1,"column":null}},"2":{"start":{"line":10,"column":33},"end":{"line":10,"column":null}},"3":{"start":{"line":12,"column":22},"end":{"line":18,"column":null}},"4":{"start":{"line":20,"column":2},"end":{"line":58,"column":null}}},"fnMap":{"0":{"name":"getStandings","decl":{"start":{"line":9,"column":22},"end":{"line":9,"column":null}},"loc":{"start":{"line":9,"column":22},"end":{"line":59,"column":null}}}},"branchMap":{},"s":{"0":0,"1":0,"2":0,"3":0,"4":0},"f":{"0":0},"b":{}}
,"/Users/aakarsh_88/f1-analytics/frontend/src/lib/auth/components.tsx": {"path":"/Users/aakarsh_88/f1-analytics/frontend/src/lib/auth/components.tsx","statementMap":{"0":{"start":{"line":33,"column":16},"end":{"line":33,"column":32}},"1":{"start":{"line":67,"column":16},"end":{"line":67,"column":30}},"2":{"start":{"line":43,"column":16},"end":{"line":43,"column":32}},"3":{"start":{"line":72,"column":16},"end":{"line":72,"column":30}},"4":{"start":{"line":54,"column":16},"end":{"line":54,"column":28}},"5":{"start":{"line":24,"column":16},"end":{"line":24,"column":24}},"6":{"start":{"line":28,"column":16},"end":{"line":28,"column":25}},"7":{"start":{"line":11,"column":7},"end":{"line":11,"column":null}},"8":{"start":{"line":14,"column":23},"end":{"line":14,"column":null}},"9":{"start":{"line":68,"column":2},"end":{"line":68,"column":null}},"10":{"start":{"line":73,"column":2},"end":{"line":73,"column":null}}},"fnMap":{"0":{"name":"SignedIn","decl":{"start":{"line":24,"column":16},"end":{"line":24,"column":24}},"loc":{"start":{"line":24,"column":62},"end":{"line":26,"column":null}}},"1":{"name":"SignedOut","decl":{"start":{"line":28,"column":16},"end":{"line":28,"column":25}},"loc":{"start":{"line":28,"column":63},"end":{"line":30,"column":null}}},"2":{"name":"AuthSignInButton","decl":{"start":{"line":33,"column":16},"end":{"line":33,"column":32}},"loc":{"start":{"line":33,"column":16},"end":{"line":41,"column":null}}},"3":{"name":"AuthSignUpButton","decl":{"start":{"line":43,"column":16},"end":{"line":43,"column":32}},"loc":{"start":{"line":43,"column":16},"end":{"line":51,"column":null}}},"4":{"name":"AuthUserMenu","decl":{"start":{"line":54,"column":16},"end":{"line":54,"column":28}},"loc":{"start":{"line":54,"column":16},"end":{"line":64,"column":null}}},"5":{"name":"AuthSignInForm","decl":{"start":{"line":67,"column":16},"end":{"line":67,"column":30}},"loc":{"start":{"line":67,"column":16},"end":{"line":69,"column":null}}},"6":{"name":"AuthSignUpForm","decl":{"start":{"line":72,"column":16},"end":{"line":72,"column":30}},"loc":{"start":{"line":72,"column":16},"end":{"line":74,"column":null}}}},"branchMap":{},"s":{"0":0,"1":0,"2":0,"3":0,"4":0,"5":0,"6":0,"7":0,"8":0,"9":0,"10":0},"f":{"0":0,"1":0,"2":0,"3":0,"4":0,"5":0,"6":0},"b":{}}
,"/Users/aakarsh_88/f1-analytics/frontend/src/lib/auth/config.ts": {"path":"/Users/aakarsh_88/f1-analytics/frontend/src/lib/auth/config.ts","statementMap":{"0":{"start":{"line":26,"column":13},"end":{"line":26,"column":38}},"1":{"start":{"line":15,"column":13},"end":{"line":15,"column":37}},"2":{"start":{"line":23,"column":13},"end":{"line":23,"column":25}},"3":{"start":{"line":24,"column":13},"end":{"line":24,"column":25}},"4":{"start":{"line":17,"column":16},"end":{"line":17,"column":32}},"5":{"start":{"line":15,"column":40},"end":{"line":15,"column":null}},"6":{"start":{"line":18,"column":2},"end":{"line":19,"column":null}},"7":{"start":{"line":19,"column":17},"end":{"line":19,"column":null}},"8":{"start":{"line":23,"column":28},"end":{"line":23,"column":null}},"9":{"start":{"line":24,"column":28},"end":{"line":24,"column":null}},"10":{"start":{"line":26,"column":41},"end":{"line":26,"column":null}}},"fnMap":{"0":{"name":"isProtectedRoute","decl":{"start":{"line":17,"column":16},"end":{"line":17,"column":32}},"loc":{"start":{"line":17,"column":49},"end":{"line":21,"column":null}}},"1":{"name":"(anonymous_7)","decl":{"start":{"line":19,"column":4},"end":{"line":19,"column":5}},"loc":{"start":{"line":19,"column":17},"end":{"line":19,"column":null}}}},"branchMap":{"0":{"loc":{"start":{"line":19,"column":17},"end":{"line":19,"column":null}},"type":"binary-expr","locations":[{"start":{"line":19,"column":17},"end":{"line":19,"column":41}},{"start":{"line":19,"column":41},"end":{"line":19,"column":null}}]}},"s":{"0":0,"1":0,"2":1,"3":0,"4":0,"5":1,"6":0,"7":0,"8":1,"9":1,"10":1},"f":{"0":0,"1":0},"b":{"0":[0,0]}}
,"/Users/aakarsh_88/f1-analytics/frontend/src/lib/auth/hooks.ts": {"path":"/Users/aakarsh_88/f1-analytics/frontend/src/lib/auth/hooks.ts","statementMap":{"0":{"start":{"line":17,"column":16},"end":{"line":17,"column":null}},"1":{"start":{"line":3,"column":34},"end":{"line":3,"column":null}},"2":{"start":{"line":4,"column":28},"end":{"line":4,"column":null}},"3":{"start":{"line":18,"column":41},"end":{"line":18,"column":null}},"4":{"start":{"line":19,"column":36},"end":{"line":19,"column":null}},"5":{"start":{"line":21,"column":38},"end":{"line":29,"column":null}},"6":{"start":{"line":31,"column":18},"end":{"line":33,"column":null}},"7":{"start":{"line":32,"column":4},"end":{"line":32,"column":null}},"8":{"start":{"line":35,"column":2},"end":{"line":40,"column":null}}},"fnMap":{"0":{"name":"useAuthUser","decl":{"start":{"line":17,"column":16},"end":{"line":17,"column":null}},"loc":{"start":{"line":17,"column":16},"end":{"line":41,"column":null}}},"1":{"name":"(anonymous_2)","decl":{"start":{"line":31,"column":30},"end":{"line":31,"column":null}},"loc":{"start":{"line":31,"column":30},"end":{"line":33,"column":5}}}},"branchMap":{"0":{"loc":{"start":{"line":21,"column":38},"end":{"line":29,"column":null}},"type":"cond-expr","locations":[{"start":{"line":22,"column":6},"end":{"line":28,"column":null}},{"start":{"line":29,"column":6},"end":{"line":29,"column":null}}]},"1":{"loc":{"start":{"line":24,"column":15},"end":{"line":24,"column":null}},"type":"binary-expr","locations":[{"start":{"line":24,"column":15},"end":{"line":24,"column":57}},{"start":{"line":24,"column":57},"end":{"line":24,"column":null}}]}},"s":{"0":0,"1":0,"2":0,"3":0,"4":0,"5":0,"6":0,"7":0,"8":0},"f":{"0":0,"1":0},"b":{"0":[0,0],"1":[0,0]}}
,"/Users/aakarsh_88/f1-analytics/frontend/src/lib/auth/index.ts": {"path":"/Users/aakarsh_88/f1-analytics/frontend/src/lib/auth/index.ts","statementMap":{"0":{"start":{"line":15,"column":9},"end":{"line":15,"column":29}},"1":{"start":{"line":17,"column":9},"end":{"line":17,"column":27}},"2":{"start":{"line":17,"column":59},"end":{"line":17,"column":75}},"3":{"start":{"line":17,"column":27},"end":{"line":17,"column":45}},"4":{"start":{"line":17,"column":75},"end":{"line":17,"column":91}},"5":{"start":{"line":17,"column":45},"end":{"line":17,"column":59}},"6":{"start":{"line":18,"column":27},"end":{"line":18,"column":53}},"7":{"start":{"line":18,"column":53},"end":{"line":18,"column":67}},"8":{"start":{"line":18,"column":67},"end":{"line":18,"column":87}},"9":{"start":{"line":17,"column":91},"end":{"line":17,"column":101}},"10":{"start":{"line":17,"column":101},"end":{"line":17,"column":118}},"11":{"start":{"line":18,"column":9},"end":{"line":18,"column":27}},"12":{"start":{"line":16,"column":9},"end":{"line":16,"column":28}},"13":{"start":{"line":15,"column":29},"end":{"line":15,"column":null}},"14":{"start":{"line":16,"column":28},"end":{"line":16,"column":null}},"15":{"start":{"line":17,"column":118},"end":{"line":17,"column":null}},"16":{"start":{"line":18,"column":87},"end":{"line":18,"column":null}}},"fnMap":{},"branchMap":{},"s":{"0":0,"1":0,"2":0,"3":0,"4":0,"5":0,"6":0,"7":0,"8":0,"9":0,"10":0,"11":0,"12":0,"13":0,"14":0,"15":0,"16":0},"f":{},"b":{}}
,"/Users/aakarsh_88/f1-analytics/frontend/src/lib/auth/provider.tsx": {"path":"/Users/aakarsh_88/f1-analytics/frontend/src/lib/auth/provider.tsx","statementMap":{"0":{"start":{"line":16,"column":16},"end":{"line":16,"column":29}},"1":{"start":{"line":3,"column":30},"end":{"line":3,"column":null}},"2":{"start":{"line":6,"column":70},"end":{"line":6,"column":null}}},"fnMap":{"0":{"name":"AuthProvider","decl":{"start":{"line":16,"column":16},"end":{"line":16,"column":29}},"loc":{"start":{"line":16,"column":66},"end":{"line":99,"column":null}}}},"branchMap":{},"s":{"0":0,"1":0,"2":0},"f":{"0":0},"b":{}}
,"/Users/aakarsh_88/f1-analytics/frontend/src/lib/auth/server.ts": {"path":"/Users/aakarsh_88/f1-analytics/frontend/src/lib/auth/server.ts","statementMap":{"0":{"start":{"line":16,"column":22},"end":{"line":16,"column":39}},"1":{"start":{"line":42,"column":22},"end":{"line":42,"column":43}},"2":{"start":{"line":1,"column":7},"end":{"line":1,"column":null}},"3":{"start":{"line":3,"column":28},"end":{"line":3,"column":null}},"4":{"start":{"line":4,"column":25},"end":{"line":4,"column":null}},"5":{"start":{"line":6,"column":29},"end":{"line":6,"column":null}},"6":{"start":{"line":17,"column":15},"end":{"line":17,"column":null}},"7":{"start":{"line":18,"column":2},"end":{"line":18,"column":null}},"8":{"start":{"line":18,"column":13},"end":{"line":18,"column":null}},"9":{"start":{"line":20,"column":2},"end":{"line":26,"column":null}},"10":{"start":{"line":43,"column":15},"end":{"line":43,"column":null}},"11":{"start":{"line":44,"column":2},"end":{"line":46,"column":null}},"12":{"start":{"line":45,"column":4},"end":{"line":45,"column":null}},"13":{"start":{"line":47,"column":2},"end":{"line":47,"column":null}}},"fnMap":{"0":{"name":"getServerAuthUser","decl":{"start":{"line":16,"column":22},"end":{"line":16,"column":39}},"loc":{"start":{"line":16,"column":22},"end":{"line":27,"column":null}}},"1":{"name":"requireServerAuthUser","decl":{"start":{"line":42,"column":22},"end":{"line":42,"column":43}},"loc":{"start":{"line":42,"column":22},"end":{"line":48,"column":null}}}},"branchMap":{"0":{"loc":{"start":{"line":18,"column":2},"end":{"line":18,"column":null}},"type":"if","locations":[{"start":{"line":18,"column":2},"end":{"line":18,"column":null}}]},"1":{"loc":{"start":{"line":22,"column":11},"end":{"line":22,"column":null}},"type":"binary-expr","locations":[{"start":{"line":22,"column":11},"end":{"line":22,"column":53}},{"start":{"line":22,"column":53},"end":{"line":22,"column":null}}]},"2":{"loc":{"start":{"line":44,"column":2},"end":{"line":46,"column":null}},"type":"if","locations":[{"start":{"line":44,"column":2},"end":{"line":46,"column":null}}]}},"s":{"0":3,"1":2,"2":1,"3":1,"4":1,"5":1,"6":5,"7":5,"8":2,"9":3,"10":2,"11":2,"12":1,"13":1},"f":{"0":5,"1":2},"b":{"0":[2],"1":[3,1],"2":[1]}}
}
