TN:
SF:src/app/(auth)/sign-in/[[...sign-in]]/page.tsx
FN:3,SignInPage
FNF:1
FNH:0
FNDA:0,SignInPage
DA:1,0
DA:3,0
DA:4,0
LF:3
LH:0
BRF:0
BRH:0
end_of_record
TN:
SF:src/app/(auth)/sign-up/[[...sign-up]]/page.tsx
FN:3,SignUpPage
FNF:1
FNH:0
FNDA:0,SignUpPage
DA:1,0
DA:3,0
DA:4,0
LF:3
LH:0
BRF:0
BRH:0
end_of_record
TN:
SF:src/app/(dashboard)/page.tsx
FN:9,DashboardPage
FN:44,(anonymous_2)
FNF:2
FNH:0
FNDA:0,DashboardPage
FNDA:0,(anonymous_2)
DA:1,0
DA:3,0
DA:4,0
DA:5,0
DA:6,0
DA:7,0
DA:9,0
DA:10,0
DA:45,0
LF:9
LH:0
BRF:0
BRH:0
end_of_record
TN:
SF:src/app/(dashboard)/analytics/page.tsx
FN:4,AnalyticsPage
FNF:1
FNH:0
FNDA:0,AnalyticsPage
DA:1,0
DA:2,0
DA:4,0
DA:5,0
LF:4
LH:0
BRF:0
BRH:0
end_of_record
TN:
SF:src/app/(dashboard)/constructors/page.tsx
FN:4,ConstructorsPage
FNF:1
FNH:0
FNDA:0,ConstructorsPage
DA:1,0
DA:2,0
DA:4,0
DA:5,0
LF:4
LH:0
BRF:0
BRH:0
end_of_record
TN:
SF:src/app/(dashboard)/drivers/page.tsx
FN:4,DriversPage
FNF:1
FNH:0
FNDA:0,DriversPage
DA:1,0
DA:2,0
DA:4,0
DA:5,0
LF:4
LH:0
BRF:0
BRH:0
end_of_record
TN:
SF:src/app/(dashboard)/drivers/[driverRef]/page.tsx
FN:10,DriverDetailPage
FNF:1
FNH:0
FNDA:0,DriverDetailPage
DA:1,0
DA:3,0
DA:4,0
DA:5,0
DA:6,0
DA:7,0
DA:8,0
DA:10,0
DA:15,0
DA:16,0
DA:18,0
DA:19,0
DA:23,0
LF:13
LH:0
BRDA:18,0,0,0
BRDA:30,1,0,0
BRDA:30,1,1,0
BRDA:31,2,0,0
BRDA:31,2,1,0
BRDA:35,3,0,0
BRF:6
BRH:0
end_of_record
TN:
SF:src/app/(dashboard)/races/page.tsx
FN:4,RacesPage
FNF:1
FNH:0
FNDA:0,RacesPage
DA:1,0
DA:2,0
DA:4,0
DA:5,0
LF:4
LH:0
BRF:0
BRH:0
end_of_record
TN:
SF:src/app/(dashboard)/races/[raceId]/page.tsx
FN:11,RaceDetailPage
FNF:1
FNH:0
FNDA:0,RaceDetailPage
DA:1,0
DA:3,0
DA:4,0
DA:5,0
DA:6,0
DA:7,0
DA:8,0
DA:9,0
DA:11,0
DA:12,0
DA:13,0
DA:15,0
DA:16,0
DA:19,0
LF:14
LH:0
BRDA:15,0,0,0
BRDA:30,1,0,0
BRDA:30,1,1,0
BRF:3
BRH:0
end_of_record
TN:
SF:src/app/(dashboard)/settings/page.tsx
FN:4,SettingsPage
FNF:1
FNH:1
FNDA:1,SettingsPage
DA:1,1
DA:2,1
DA:4,1
LF:3
LH:3
BRF:0
BRH:0
end_of_record
TN:
SF:src/app/(dashboard)/standings/page.tsx
FN:8,StandingsPage
FNF:1
FNH:0
FNDA:0,StandingsPage
DA:1,0
DA:2,0
DA:3,0
DA:4,0
DA:5,0
DA:6,0
DA:8,0
DA:9,0
LF:8
LH:0
BRF:0
BRH:0
end_of_record
TN:
SF:src/components/analytics/analytics-dashboard.tsx
FN:15,AnalyticsDashboard
FN:19,inRange
FN:27,(anonymous_3)
FN:27,(anonymous_4)
FN:31,(anonymous_5)
FN:31,(anonymous_6)
FN:35,(anonymous_7)
FN:35,(anonymous_8)
FN:49,(anonymous_9)
FN:67,(anonymous_10)
FNF:10
FNH:9
FNDA:7,AnalyticsDashboard
FNDA:105,inRange
FNDA:7,(anonymous_3)
FNDA:35,(anonymous_4)
FNDA:7,(anonymous_5)
FNDA:35,(anonymous_6)
FNDA:7,(anonymous_7)
FNDA:35,(anonymous_8)
FNDA:3,(anonymous_9)
FNDA:0,(anonymous_10)
DA:3,1
DA:5,1
DA:6,1
DA:7,1
DA:8,1
DA:9,1
DA:10,1
DA:11,1
DA:12,1
DA:15,4
DA:16,7
DA:17,7
DA:20,105
DA:26,7
DA:27,35
DA:30,7
DA:31,35
DA:34,7
DA:35,35
DA:50,3
DA:51,3
DA:68,0
DA:69,0
LF:23
LH:21
BRDA:20,0,0,105
BRDA:20,0,1,84
BRF:2
BRH:2
end_of_record
TN:
SF:src/components/analytics/average-qualifying-chart.tsx
FN:22,AverageQualifyingChart
FN:53,(anonymous_2)
FN:61,(anonymous_3)
FNF:3
FNH:0
FNDA:0,AverageQualifyingChart
FNDA:0,(anonymous_2)
FNDA:0,(anonymous_3)
DA:12,0
DA:14,0
DA:22,0
DA:53,0
DA:62,0
LF:5
LH:0
BRDA:54,0,0,0
BRDA:54,0,1,0
BRDA:56,1,0,0
BRDA:56,1,1,0
BRDA:66,2,0,0
BRDA:66,2,1,0
BRF:6
BRH:0
end_of_record
TN:
SF:src/components/analytics/constructor-dominance-chart.tsx
FN:28,ConstructorDominanceChart
FN:54,(anonymous_2)
FNF:2
FNH:0
FNDA:0,ConstructorDominanceChart
FNDA:0,(anonymous_2)
DA:12,0
DA:16,0
DA:28,0
DA:55,0
LF:4
LH:0
BRDA:60,0,0,0
BRDA:60,0,1,0
BRF:2
BRH:0
end_of_record
TN:
SF:src/components/analytics/fastest-laps-chart.tsx
FN:7,FastestLapsChart
FN:39,(anonymous_2)
FNF:2
FNH:0
FNDA:0,FastestLapsChart
FNDA:0,(anonymous_2)
DA:3,0
DA:7,0
DA:39,0
LF:3
LH:0
BRDA:40,0,0,0
BRDA:40,0,1,0
BRDA:42,1,0,0
BRDA:42,1,1,0
BRF:4
BRH:0
end_of_record
TN:
SF:src/components/analytics/podium-trends-chart.tsx
FN:22,PodiumTrendsChart
FN:49,(anonymous_2)
FNF:2
FNH:0
FNDA:0,PodiumTrendsChart
FNDA:0,(anonymous_2)
DA:12,0
DA:14,0
DA:22,0
DA:50,0
LF:4
LH:0
BRDA:54,0,0,0
BRDA:54,0,1,0
BRF:2
BRH:0
end_of_record
TN:
SF:src/components/analytics/pole-positions-chart.tsx
FN:15,PolePositionsChart
FN:66,(anonymous_2)
FNF:2
FNH:0
FNDA:0,PolePositionsChart
FNDA:0,(anonymous_2)
DA:11,0
DA:15,0
DA:66,0
LF:3
LH:0
BRDA:67,0,0,0
BRDA:67,0,1,0
BRDA:69,1,0,0
BRDA:69,1,1,0
BRF:4
BRH:0
end_of_record
TN:
SF:src/components/analytics/saved-views-panel.tsx
FN:26,SavedViewsPanel
FN:48,SavedViewsAuthenticated
FN:53,handleSave
FN:72,(anonymous_4)
FN:73,(anonymous_5)
FN:88,(anonymous_6)
FN:95,(anonymous_7)
FN:106,(anonymous_8)
FNF:8
FNH:8
FNDA:5,SavedViewsPanel
FNDA:49,SavedViewsAuthenticated
FNDA:3,handleSave
FNDA:33,(anonymous_4)
FNDA:33,(anonymous_5)
FNDA:3,(anonymous_6)
FNDA:1,(anonymous_7)
FNDA:1,(anonymous_8)
DA:3,1
DA:4,1
DA:6,1
DA:7,1
DA:8,1
DA:26,5
DA:49,49
DA:50,49
DA:51,49
DA:54,3
DA:55,3
DA:56,3
DA:57,3
DA:62,49
DA:72,33
DA:73,33
DA:89,3
DA:95,1
DA:106,1
LF:19
LH:19
BRDA:50,0,0,49
BRDA:50,0,1,0
BRDA:55,1,0,0
BRDA:62,2,0,4
BRDA:73,3,0,33
BRDA:73,3,1,0
BRDA:83,4,0,42
BRF:7
BRH:4
end_of_record
TN:
SF:src/components/analytics/season-range-filter.tsx
FN:12,SeasonRangeFilter
FN:15,(anonymous_2)
FN:24,(anonymous_3)
FN:30,(anonymous_4)
FN:42,(anonymous_5)
FN:48,(anonymous_6)
FNF:6
FNH:6
FNDA:11,SeasonRangeFilter
FNDA:55,(anonymous_2)
FNDA:3,(anonymous_3)
FNDA:55,(anonymous_4)
FNDA:3,(anonymous_5)
FNDA:55,(anonymous_6)
DA:12,11
DA:13,11
DA:15,55
DA:25,3
DA:26,3
DA:31,55
DA:43,3
DA:44,3
DA:49,55
LF:9
LH:9
BRF:0
BRH:0
end_of_record
TN:
SF:src/components/constructors/constructor-card.tsx
FN:7,ConstructorCard
FN:35,Stat
FNF:2
FNH:0
FNDA:0,ConstructorCard
FNDA:0,Stat
DA:1,0
DA:2,0
DA:3,0
DA:4,0
DA:7,0
LF:5
LH:0
BRDA:14,0,0,0
BRDA:14,0,1,0
BRF:2
BRH:0
end_of_record
TN:
SF:src/components/constructors/constructors-grid.tsx
FN:9,ConstructorsGrid
FN:12,(anonymous_2)
FN:16,(anonymous_3)
FN:30,(anonymous_4)
FN:42,(anonymous_5)
FNF:5
FNH:0
FNDA:0,ConstructorsGrid
FNDA:0,(anonymous_2)
FNDA:0,(anonymous_3)
FNDA:0,(anonymous_4)
FNDA:0,(anonymous_5)
DA:3,0
DA:4,0
DA:6,0
DA:9,0
DA:10,0
DA:12,0
DA:13,0
DA:14,0
DA:15,0
DA:16,0
DA:30,0
DA:43,0
LF:12
LH:0
BRDA:14,0,0,0
BRDA:16,1,0,0
BRDA:16,1,1,0
BRDA:37,2,0,0
BRF:4
BRH:0
end_of_record
TN:
SF:src/components/constructors/trend-sparkline.tsx
FN:5,TrendSparkline
FNF:1
FNH:0
FNDA:0,TrendSparkline
DA:3,0
DA:5,0
LF:2
LH:0
BRF:0
BRH:0
end_of_record
TN:
SF:src/components/dashboard/podium-card.tsx
FN:23,PodiumCard
FNF:1
FNH:0
FNDA:0,PodiumCard
DA:3,0
DA:4,0
DA:14,0
DA:23,0
LF:4
LH:0
BRF:0
BRH:0
end_of_record
TN:
SF:src/components/dashboard/stat-card.tsx
FN:15,StatCard
FNF:1
FNH:0
FNDA:0,StatCard
DA:3,0
DA:4,0
DA:15,0
LF:3
LH:0
BRDA:26,0,0,0
BRDA:30,1,0,0
BRDA:30,1,1,0
BRF:3
BRH:0
end_of_record
TN:
SF:src/components/dashboard/wins-by-season-chart.tsx
FN:9,WinsBySeasonChart
FNF:1
FNH:0
FNDA:0,WinsBySeasonChart
DA:3,0
DA:9,0
LF:2
LH:0
BRF:0
BRH:0
end_of_record
TN:
SF:src/components/drivers/driver-card.tsx
FN:13,DriverCard
FN:24,(anonymous_3)
FN:65,Stat
FNF:3
FNH:0
FNDA:0,DriverCard
FNDA:0,(anonymous_3)
FNDA:0,Stat
DA:1,0
DA:3,0
DA:13,0
DA:24,0
LF:4
LH:0
BRDA:16,0,0,0
BRDA:23,1,0,0
BRDA:23,1,1,0
BRDA:36,2,0,0
BRDA:36,2,1,0
BRDA:37,3,0,0
BRDA:37,3,1,0
BRDA:40,4,0,0
BRF:8
BRH:0
end_of_record
TN:
SF:src/components/drivers/driver-comparison-dialog.tsx
FN:13,(anonymous_1)
FN:14,(anonymous_2)
FN:15,(anonymous_3)
FN:16,(anonymous_4)
FN:17,(anonymous_5)
FN:18,(anonymous_6)
FN:26,isBetter
FN:33,DriverComparisonDialog
FN:43,(anonymous_9)
FNF:9
FNH:0
FNDA:0,(anonymous_1)
FNDA:0,(anonymous_2)
FNDA:0,(anonymous_3)
FNDA:0,(anonymous_4)
FNDA:0,(anonymous_5)
FNDA:0,(anonymous_6)
FNDA:0,isBetter
FNDA:0,DriverComparisonDialog
FNDA:0,(anonymous_9)
DA:3,0
DA:12,0
DA:13,0
DA:14,0
DA:15,0
DA:16,0
DA:17,0
DA:18,0
DA:27,0
DA:28,0
DA:29,0
DA:30,0
DA:33,0
DA:34,0
DA:44,0
DA:45,0
DA:46,0
DA:47,0
DA:48,0
LF:19
LH:0
BRDA:13,0,0,0
BRDA:13,0,1,0
BRDA:14,1,0,0
BRDA:14,1,1,0
BRDA:27,2,0,0
BRDA:27,2,1,0
BRDA:28,3,0,0
BRDA:28,3,1,0
BRDA:29,4,0,0
BRDA:29,5,0,0
BRDA:29,5,1,0
BRDA:50,6,0,0
BRDA:50,6,1,0
BRDA:57,7,0,0
BRDA:57,7,1,0
BRF:15
BRH:0
end_of_record
TN:
SF:src/components/drivers/drivers-grid.tsx
FN:13,DriversGrid
FN:18,(anonymous_2)
FN:22,(anonymous_3)
FN:29,toggleSelect
FN:30,(anonymous_5)
FN:32,(anonymous_6)
FN:42,(anonymous_7)
FN:42,(anonymous_8)
FN:43,(anonymous_9)
FN:56,(anonymous_10)
FN:72,(anonymous_11)
FN:79,(anonymous_12)
FN:94,(anonymous_13)
FN:109,(anonymous_14)
FNF:14
FNH:0
FNDA:0,DriversGrid
FNDA:0,(anonymous_2)
FNDA:0,(anonymous_3)
FNDA:0,toggleSelect
FNDA:0,(anonymous_5)
FNDA:0,(anonymous_6)
FNDA:0,(anonymous_7)
FNDA:0,(anonymous_8)
FNDA:0,(anonymous_9)
FNDA:0,(anonymous_10)
FNDA:0,(anonymous_11)
FNDA:0,(anonymous_12)
FNDA:0,(anonymous_13)
FNDA:0,(anonymous_14)
DA:3,0
DA:4,0
DA:6,0
DA:7,0
DA:8,0
DA:11,0
DA:13,0
DA:14,0
DA:15,0
DA:16,0
DA:18,0
DA:19,0
DA:20,0
DA:21,0
DA:23,0
DA:30,0
DA:31,0
DA:32,0
DA:36,0
DA:37,0
DA:41,0
DA:42,0
DA:43,0
DA:56,0
DA:72,0
DA:79,0
DA:95,0
DA:109,0
LF:28
LH:0
BRDA:20,0,0,0
BRDA:23,1,0,0
BRDA:23,1,1,0
BRDA:23,1,2,0
BRDA:31,2,0,0
BRDA:37,3,0,0
BRDA:37,3,1,0
BRDA:62,4,0,0
BRDA:89,5,0,0
BRDA:106,6,0,0
BRF:10
BRH:0
end_of_record
TN:
SF:src/components/drivers/results-distribution-chart.tsx
FN:23,ResultsDistributionChart
FN:25,(anonymous_2)
FN:26,(anonymous_3)
FN:32,(anonymous_4)
FNF:4
FNH:0
FNDA:0,ResultsDistributionChart
FNDA:0,(anonymous_2)
FNDA:0,(anonymous_3)
FNDA:0,(anonymous_4)
DA:3,0
DA:7,0
DA:15,0
DA:23,0
DA:24,0
DA:25,0
DA:26,0
DA:33,0
LF:8
LH:0
BRF:0
BRH:0
end_of_record
TN:
SF:src/components/layout/sidebar.tsx
FN:19,Sidebar
FN:32,(anonymous_3)
FNF:2
FNH:0
FNDA:0,Sidebar
FNDA:0,(anonymous_3)
DA:3,0
DA:4,0
DA:5,0
DA:7,0
DA:9,0
DA:19,0
DA:20,0
DA:33,0
DA:34,0
DA:35,0
LF:10
LH:0
BRDA:41,0,0,0
BRDA:41,0,1,0
BRDA:48,1,0,0
BRF:3
BRH:0
end_of_record
TN:
SF:src/components/layout/theme-provider.tsx
FN:12,ThemeProvider
FNF:1
FNH:0
FNDA:0,ThemeProvider
DA:3,0
DA:12,0
LF:2
LH:0
BRF:0
BRH:0
end_of_record
TN:
SF:src/components/layout/theme-toggle.tsx
FN:15,ThemeToggle
FN:22,(anonymous_2)
FN:36,(anonymous_3)
FNF:3
FNH:3
FNDA:78,ThemeToggle
FNDA:11,(anonymous_2)
FNDA:2,(anonymous_3)
DA:3,3
DA:4,3
DA:5,3
DA:7,3
DA:15,67
DA:16,78
DA:17,78
DA:22,78
DA:24,78
DA:26,78
DA:27,11
DA:36,2
LF:12
LH:12
BRDA:26,0,0,11
BRDA:36,1,0,1
BRDA:36,1,1,1
BRDA:46,2,0,2
BRDA:46,2,1,65
BRDA:49,3,0,2
BRF:6
BRH:6
end_of_record
TN:
SF:src/components/layout/top-nav.tsx
FN:35,TopNav
FN:41,(anonymous_2)
FN:46,(anonymous_3)
FN:54,(anonymous_4)
FN:55,onClickOutside
FN:61,(anonymous_6)
FN:64,goTo
FN:80,(anonymous_8)
FN:84,(anonymous_9)
FN:97,(anonymous_10)
FN:103,(anonymous_11)
FN:137,(anonymous_12)
FN:137,(anonymous_13)
FNF:13
FNH:13
FNDA:62,TopNav
FNDA:57,(anonymous_2)
FNDA:376,(anonymous_3)
FNDA:6,(anonymous_4)
FNDA:6,onClickOutside
FNDA:6,(anonymous_6)
FNDA:1,goTo
FNDA:50,(anonymous_8)
FNDA:5,(anonymous_9)
FNDA:112,(anonymous_10)
FNDA:1,(anonymous_11)
FNDA:620,(anonymous_12)
FNDA:620,(anonymous_13)
DA:9,1
DA:11,1
DA:12,1
DA:13,1
DA:15,1
DA:16,1
DA:19,1
DA:26,1
DA:33,1
DA:35,6
DA:36,62
DA:37,62
DA:38,62
DA:39,62
DA:41,62
DA:42,57
DA:43,57
DA:44,50
DA:47,376
DA:54,62
DA:56,6
DA:57,0
DA:60,6
DA:61,6
DA:65,1
DA:66,1
DA:67,1
DA:81,50
DA:82,50
DA:84,5
DA:98,112
DA:99,112
DA:103,1
DA:137,620
DA:138,620
LF:35
LH:34
BRDA:43,0,0,7
BRDA:47,1,0,376
BRDA:47,1,1,132
BRDA:56,2,0,0
BRDA:56,3,0,6
BRDA:56,3,1,6
BRDA:89,4,0,62
BRDA:89,4,1,55
BRDA:92,5,0,15
BRDA:112,6,0,112
BRF:10
BRH:9
end_of_record
TN:
SF:src/components/races/lap-time-chart.tsx
FN:34,pivotByLap
FN:43,(anonymous_2)
FN:46,LapTimeChart
FN:51,(anonymous_4)
FN:54,(anonymous_5)
FN:54,(anonymous_6)
FN:107,(anonymous_7)
FN:108,(anonymous_8)
FN:124,(anonymous_9)
FNF:9
FNH:0
FNDA:0,pivotByLap
FNDA:0,(anonymous_2)
FNDA:0,LapTimeChart
FNDA:0,(anonymous_4)
FNDA:0,(anonymous_5)
FNDA:0,(anonymous_6)
FNDA:0,(anonymous_7)
FNDA:0,(anonymous_8)
FNDA:0,(anonymous_9)
DA:3,0
DA:13,0
DA:17,0
DA:23,0
DA:35,0
DA:37,0
DA:38,0
DA:39,0
DA:40,0
DA:43,0
DA:46,0
DA:51,0
DA:53,0
DA:54,0
DA:107,0
DA:109,0
DA:110,0
DA:113,0
DA:125,0
LF:19
LH:0
BRDA:38,0,0,0
BRDA:38,0,1,0
BRDA:109,1,0,0
BRDA:113,2,0,0
BRDA:113,2,1,0
BRDA:129,3,0,0
BRDA:129,3,1,0
BRF:7
BRH:0
end_of_record
TN:
SF:src/components/races/pit-stops-table.tsx
FN:4,PitStopsTable
FN:17,(anonymous_2)
FNF:2
FNH:0
FNDA:0,PitStopsTable
FNDA:0,(anonymous_2)
DA:1,0
DA:4,0
DA:18,0
LF:3
LH:0
BRDA:22,0,0,0
BRDA:22,0,1,0
BRDA:24,1,0,0
BRDA:24,1,1,0
BRF:4
BRH:0
end_of_record
TN:
SF:src/components/races/qualifying-table.tsx
FN:6,QualifyingTable
FN:20,(anonymous_2)
FNF:2
FNH:0
FNDA:0,QualifyingTable
FNDA:0,(anonymous_2)
DA:1,0
DA:2,0
DA:3,0
DA:6,0
DA:21,0
LF:5
LH:0
BRDA:22,0,0,0
BRDA:22,0,1,0
BRDA:27,1,0,0
BRDA:27,1,1,0
BRDA:28,2,0,0
BRDA:28,2,1,0
BRDA:29,3,0,0
BRDA:29,3,1,0
BRF:8
BRH:0
end_of_record
TN:
SF:src/components/races/races-table.tsx
FN:13,RacesTable
FN:17,(anonymous_3)
FN:21,(anonymous_4)
FN:41,(anonymous_5)
FN:67,(anonymous_6)
FNF:5
FNH:0
FNDA:0,RacesTable
FNDA:0,(anonymous_3)
FNDA:0,(anonymous_4)
FNDA:0,(anonymous_5)
FNDA:0,(anonymous_6)
DA:3,0
DA:4,0
DA:5,0
DA:7,0
DA:8,0
DA:11,0
DA:13,0
DA:14,0
DA:15,0
DA:17,0
DA:18,0
DA:19,0
DA:20,0
DA:22,0
DA:28,0
DA:29,0
DA:42,0
DA:43,0
DA:68,0
LF:19
LH:0
BRDA:19,0,0,0
BRDA:22,1,0,0
BRDA:22,1,1,0
BRDA:22,1,2,0
BRDA:60,2,0,0
BRDA:60,2,1,0
BRDA:77,3,0,0
BRDA:77,3,1,0
BRF:8
BRH:0
end_of_record
TN:
SF:src/components/races/results-table.tsx
FN:7,ResultsTable
FN:22,(anonymous_2)
FNF:2
FNH:0
FNDA:0,ResultsTable
FNDA:0,(anonymous_2)
DA:1,0
DA:2,0
DA:3,0
DA:4,0
DA:7,0
DA:23,0
LF:6
LH:0
BRDA:31,0,0,0
BRDA:31,0,1,0
BRDA:33,1,0,0
BRDA:33,1,1,0
BRF:4
BRH:0
end_of_record
TN:
SF:src/components/standings/constructor-standings-section.tsx
FN:9,ConstructorStandingsSection
FN:12,(anonymous_2)
FN:15,(anonymous_3)
FN:28,(anonymous_4)
FNF:4
FNH:0
FNDA:0,ConstructorStandingsSection
FNDA:0,(anonymous_2)
FNDA:0,(anonymous_3)
FNDA:0,(anonymous_4)
DA:3,0
DA:4,0
DA:6,0
DA:9,0
DA:10,0
DA:12,0
DA:13,0
DA:14,0
DA:15,0
DA:28,0
LF:10
LH:0
BRDA:14,0,0,0
BRDA:35,1,0,0
BRF:2
BRH:0
end_of_record
TN:
SF:src/components/standings/constructor-standings-table.tsx
FN:6,ConstructorStandingsTable
FN:18,(anonymous_2)
FNF:2
FNH:0
FNDA:0,ConstructorStandingsTable
FNDA:0,(anonymous_2)
DA:1,0
DA:2,0
DA:3,0
DA:6,0
DA:19,0
LF:5
LH:0
BRF:0
BRH:0
end_of_record
TN:
SF:src/components/standings/driver-standings-section.tsx
FN:9,DriverStandingsSection
FN:12,(anonymous_2)
FN:16,(anonymous_3)
FN:33,(anonymous_4)
FNF:4
FNH:0
FNDA:0,DriverStandingsSection
FNDA:0,(anonymous_2)
FNDA:0,(anonymous_3)
FNDA:0,(anonymous_4)
DA:3,0
DA:4,0
DA:6,0
DA:9,0
DA:10,0
DA:12,0
DA:13,0
DA:14,0
DA:15,0
DA:17,0
DA:33,0
LF:11
LH:0
BRDA:14,0,0,0
BRDA:17,1,0,0
BRDA:17,1,1,0
BRDA:17,1,2,0
BRDA:40,2,0,0
BRF:5
BRH:0
end_of_record
TN:
SF:src/components/standings/driver-standings-table.tsx
FN:6,DriverStandingsTable
FN:19,(anonymous_2)
FNF:2
FNH:0
FNDA:0,DriverStandingsTable
FNDA:0,(anonymous_2)
DA:1,0
DA:2,0
DA:3,0
DA:6,0
DA:20,0
LF:5
LH:0
BRF:0
BRH:0
end_of_record
TN:
SF:src/components/standings/progression-chart.tsx
FN:28,ProgressionChart
FN:54,(anonymous_2)
FNF:2
FNH:0
FNDA:0,ProgressionChart
FNDA:0,(anonymous_2)
DA:12,0
DA:16,0
DA:21,0
DA:28,0
DA:55,0
LF:5
LH:0
BRDA:59,0,0,0
BRDA:59,0,1,0
BRF:2
BRH:0
end_of_record
TN:
SF:src/components/ui/badge.tsx
FN:9,Badge
FNF:1
FNH:0
FNDA:0,Badge
DA:3,0
DA:9,0
LF:2
LH:0
BRDA:9,0,0,0
BRDA:14,1,0,0
BRDA:14,1,1,0
BRDA:15,2,0,0
BRDA:15,2,1,0
BRDA:16,3,0,0
BRDA:16,3,1,0
BRF:7
BRH:0
end_of_record
TN:
SF:src/components/ui/button.tsx
FN:35,(anonymous_1)
FNF:1
FNH:1
FNDA:49,(anonymous_1)
DA:1,2
DA:3,2
DA:5,2
DA:7,2
DA:34,49
DA:42,2
LF:6
LH:6
BRF:0
BRH:0
end_of_record
TN:
SF:src/components/ui/card.tsx
FN:13,Card
FN:35,CardHeader
FN:39,CardTitle
FNF:3
FNH:3
FNDA:42,Card
FNDA:38,CardHeader
FNDA:38,CardTitle
DA:3,3
DA:5,3
DA:13,42
DA:35,38
DA:39,38
LF:5
LH:5
BRDA:15,0,0,41
BRDA:16,1,0,41
BRDA:29,2,0,42
BRF:3
BRH:3
end_of_record
TN:
SF:src/components/ui/dialog.tsx
FN:22,Dialog
FN:23,(anonymous_2)
FN:25,(anonymous_3)
FN:29,(anonymous_4)
FNF:4
FNH:0
FNDA:0,Dialog
FNDA:0,(anonymous_2)
FNDA:0,(anonymous_3)
FNDA:0,(anonymous_4)
DA:3,0
DA:5,0
DA:22,0
DA:23,0
DA:24,0
DA:25,0
DA:26,0
DA:28,0
DA:29,0
DA:32,0
LF:10
LH:0
BRDA:24,0,0,0
BRDA:26,1,0,0
BRDA:32,2,0,0
BRF:3
BRH:0
end_of_record
TN:
SF:src/components/ui/pagination.tsx
FN:13,Pagination
FN:21,(anonymous_2)
FN:35,(anonymous_3)
FNF:3
FNH:0
FNDA:0,Pagination
FNDA:0,(anonymous_2)
FNDA:0,(anonymous_3)
DA:3,0
DA:5,0
DA:13,0
DA:14,0
DA:21,0
DA:35,0
LF:6
LH:0
BRDA:14,0,0,0
BRF:1
BRH:0
end_of_record
TN:
SF:src/components/ui/sector-strip.tsx
FN:16,SectorStrip
FNF:1
FNH:1
FNDA:41,SectorStrip
DA:1,3
DA:16,41
LF:2
LH:2
BRDA:16,0,0,0
BRDA:21,1,0,1
BRDA:21,1,1,40
BRF:3
BRH:2
end_of_record
TN:
SF:src/components/ui/skeleton.tsx
FN:3,Skeleton
FN:15,CardSkeleton
FNF:2
FNH:0
FNDA:0,Skeleton
FNDA:0,CardSkeleton
DA:1,0
DA:3,0
DA:15,0
LF:3
LH:0
BRF:0
BRH:0
end_of_record
TN:
SF:src/components/ui/table.tsx
FN:5,Table
FN:13,TableHead
FN:25,TableBody
FN:29,TableRow
FN:38,TableHeaderCell
FN:42,TableCell
FNF:6
FNH:0
FNDA:0,Table
FNDA:0,TableHead
FNDA:0,TableBody
FNDA:0,TableRow
FNDA:0,TableHeaderCell
FNDA:0,TableCell
DA:3,0
DA:5,0
DA:13,0
DA:25,0
DA:29,0
DA:38,0
DA:42,0
LF:7
LH:0
BRF:0
BRH:0
end_of_record
TN:
SF:src/components/ui/tabs.tsx
FN:14,Tabs
FN:20,(anonymous_2)
FN:26,(anonymous_3)
FN:41,(anonymous_4)
FNF:4
FNH:0
FNDA:0,Tabs
FNDA:0,(anonymous_2)
FNDA:0,(anonymous_3)
FNDA:0,(anonymous_4)
DA:3,0
DA:6,0
DA:14,0
DA:15,0
DA:21,0
DA:26,0
DA:41,0
LF:7
LH:0
BRDA:15,0,0,0
BRDA:15,0,1,0
BRDA:29,1,0,0
BRDA:29,1,1,0
BRDA:35,2,0,0
BRF:5
BRH:0
end_of_record
TN:
SF:src/components/ui/tire-badge.tsx
FN:19,TireBadge
FNF:1
FNH:0
FNDA:0,TireBadge
DA:1,0
DA:5,0
DA:19,0
LF:3
LH:0
BRDA:25,0,0,0
BRDA:25,0,1,0
BRDA:26,1,0,0
BRDA:26,1,1,0
BRDA:27,2,0,0
BRDA:27,2,1,0
BRDA:28,3,0,0
BRDA:28,3,1,0
BRDA:29,4,0,0
BRDA:29,4,1,0
BRF:10
BRH:0
end_of_record
TN:
SF:src/hooks/use-saved-views.ts
FN:13,storageKeyFor
FN:32,useSavedViews
FN:38,(anonymous_3)
FN:42,(anonymous_4)
FN:55,persist
FN:67,saveView
FN:79,deleteView
FN:80,(anonymous_8)
FNF:8
FNH:8
FNDA:16,storageKeyFor
FNDA:71,useSavedViews
FNDA:10,(anonymous_3)
FNDA:20,(anonymous_4)
FNDA:8,persist
FNDA:7,saveView
FNDA:2,deleteView
FNDA:2,(anonymous_8)
DA:3,2
DA:16,16
DA:32,71
DA:33,71
DA:34,71
DA:38,71
DA:39,10
DA:42,71
DA:43,20
DA:44,12
DA:45,12
DA:47,8
DA:48,8
DA:49,8
DA:51,0
DA:56,8
DA:57,8
DA:58,8
DA:59,8
DA:68,7
DA:69,6
DA:76,6
DA:80,2
DA:83,71
LF:24
LH:23
BRDA:43,0,0,12
BRDA:43,1,0,20
BRDA:43,1,1,10
BRDA:49,2,0,0
BRDA:49,2,1,8
BRDA:57,3,0,0
BRDA:68,4,0,1
BRDA:70,5,0,0
BRDA:70,5,1,6
BRDA:70,6,0,6
BRDA:70,6,1,6
BRF:11
BRH:8
end_of_record
TN:
SF:src/lib/driver-colors.ts
FNF:0
FNH:0
DA:10,0
DA:16,0
LF:2
LH:0
BRF:0
BRH:0
end_of_record
TN:
SF:src/lib/team-colors.ts
FN:42,getTeamBorderClass
FN:46,getTeamTextClass
FNF:2
FNH:0
FNDA:0,getTeamBorderClass
FNDA:0,getTeamTextClass
DA:13,0
DA:26,0
DA:39,0
DA:40,0
DA:42,0
DA:43,0
DA:46,0
DA:47,0
LF:8
LH:0
BRDA:43,0,0,0
BRDA:43,0,1,0
BRDA:47,1,0,0
BRDA:47,1,1,0
BRF:4
BRH:0
end_of_record
TN:
SF:src/lib/utils.ts
FN:9,cn
FNF:1
FNH:1
FNDA:454,cn
DA:1,7
DA:2,7
DA:9,454
DA:10,454
LF:4
LH:4
BRF:0
BRH:0
end_of_record
TN:
SF:src/lib/api/analytics.ts
FN:14,getAnalyticsData
FNF:1
FNH:0
FNDA:0,getAnalyticsData
DA:1,0
DA:5,0
DA:14,0
DA:15,0
LF:4
LH:0
BRF:0
BRH:0
end_of_record
TN:
SF:src/lib/api/constructors.ts
FN:10,getConstructors
FNF:1
FNH:0
FNDA:0,getConstructors
DA:1,0
DA:10,0
DA:11,0
LF:3
LH:0
BRF:0
BRH:0
end_of_record
TN:
SF:src/lib/api/dashboard.ts
FN:20,getDashboardStats
FNF:1
FNH:0
FNDA:0,getDashboardStats
DA:1,0
DA:20,0
DA:21,0
LF:3
LH:0
BRF:0
BRH:0
end_of_record
TN:
SF:src/lib/api/drivers.ts
FN:11,getDrivers
FN:71,getDriverDetail
FN:73,(anonymous_5)
FN:99,buildMockSeasonWins
FN:103,(anonymous_7)
FNF:5
FNH:0
FNDA:0,getDrivers
FNDA:0,getDriverDetail
FNDA:0,(anonymous_5)
FNDA:0,buildMockSeasonWins
FNDA:0,(anonymous_7)
DA:1,0
DA:11,0
DA:12,0
DA:71,0
DA:72,0
DA:73,0
DA:74,0
DA:76,0
DA:77,0
DA:78,0
DA:79,0
DA:80,0
DA:82,0
DA:100,0
DA:101,0
DA:102,0
DA:103,0
DA:104,0
DA:105,0
DA:106,0
DA:108,0
LF:21
LH:0
BRDA:74,0,0,0
BRDA:104,1,0,0
BRDA:104,1,1,0
BRF:3
BRH:0
end_of_record
TN:
SF:src/lib/api/races.ts
FN:10,getRaces
FN:56,getRaceDetail
FN:58,(anonymous_5)
FN:152,buildMockLapTimes
FNF:4
FNH:0
FNDA:0,getRaces
FNDA:0,getRaceDetail
FNDA:0,(anonymous_5)
FNDA:0,buildMockLapTimes
DA:1,0
DA:10,0
DA:11,0
DA:56,0
DA:57,0
DA:58,0
DA:59,0
DA:61,0
DA:153,0
DA:158,0
DA:159,0
DA:160,0
DA:161,0
DA:162,0
DA:165,0
LF:15
LH:0
BRDA:59,0,0,0
BRF:1
BRH:0
end_of_record
TN:
SF:src/lib/api/search.ts
FN:21,getSearchIndex
FN:29,(anonymous_2)
FN:36,(anonymous_3)
FN:43,(anonymous_4)
FNF:4
FNH:0
FNDA:0,getSearchIndex
FNDA:0,(anonymous_2)
FNDA:0,(anonymous_3)
FNDA:0,(anonymous_4)
DA:1,0
DA:3,0
DA:4,0
DA:5,0
DA:6,0
DA:21,0
DA:22,0
DA:29,0
DA:36,0
DA:43,0
DA:50,0
DA:65,0
LF:12
LH:0
BRDA:32,0,0,0
BRDA:32,0,1,0
BRDA:39,1,0,0
BRDA:39,1,1,0
BRF:4
BRH:0
end_of_record
TN:
SF:src/lib/api/standings.ts
FN:9,getStandings
FNF:1
FNH:0
FNDA:0,getStandings
DA:1,0
DA:9,0
DA:10,0
DA:12,0
DA:20,0
LF:5
LH:0
BRF:0
BRH:0
end_of_record
TN:
SF:src/lib/auth/components.tsx
FN:24,SignedIn
FN:28,SignedOut
FN:33,AuthSignInButton
FN:43,AuthSignUpButton
FN:54,AuthUserMenu
FN:67,AuthSignInForm
FN:72,AuthSignUpForm
FNF:7
FNH:0
FNDA:0,SignedIn
FNDA:0,SignedOut
FNDA:0,AuthSignInButton
FNDA:0,AuthSignUpButton
FNDA:0,AuthUserMenu
FNDA:0,AuthSignInForm
FNDA:0,AuthSignUpForm
DA:11,0
DA:14,0
DA:24,0
DA:28,0
DA:33,0
DA:43,0
DA:54,0
DA:67,0
DA:68,0
DA:72,0
DA:73,0
LF:11
LH:0
BRF:0
BRH:0
end_of_record
TN:
SF:src/lib/auth/config.ts
FN:17,isProtectedRoute
FN:19,(anonymous_7)
FNF:2
FNH:0
FNDA:0,isProtectedRoute
FNDA:0,(anonymous_7)
DA:15,1
DA:17,0
DA:18,0
DA:19,0
DA:23,1
DA:24,1
DA:26,1
LF:7
LH:4
BRDA:19,0,0,0
BRDA:19,0,1,0
BRF:2
BRH:0
end_of_record
TN:
SF:src/lib/auth/hooks.ts
FN:17,useAuthUser
FN:31,(anonymous_2)
FNF:2
FNH:0
FNDA:0,useAuthUser
FNDA:0,(anonymous_2)
DA:3,0
DA:4,0
DA:17,0
DA:18,0
DA:19,0
DA:21,0
DA:31,0
DA:32,0
DA:35,0
LF:9
LH:0
BRDA:21,0,0,0
BRDA:21,0,1,0
BRDA:24,1,0,0
BRDA:24,1,1,0
BRF:4
BRH:0
end_of_record
TN:
SF:src/lib/auth/index.ts
FNF:0
FNH:0
DA:15,0
DA:16,0
DA:17,0
DA:18,0
LF:4
LH:0
BRF:0
BRH:0
end_of_record
TN:
SF:src/lib/auth/provider.tsx
FN:16,AuthProvider
FNF:1
FNH:0
FNDA:0,AuthProvider
DA:3,0
DA:6,0
DA:16,0
LF:3
LH:0
BRF:0
BRH:0
end_of_record
TN:
SF:src/lib/auth/server.ts
FN:16,getServerAuthUser
FN:42,requireServerAuthUser
FNF:2
FNH:2
FNDA:5,getServerAuthUser
FNDA:2,requireServerAuthUser
DA:1,1
DA:3,1
DA:4,1
DA:6,1
DA:16,3
DA:17,5
DA:18,5
DA:20,3
DA:42,2
DA:43,2
DA:44,2
DA:45,1
DA:47,1
LF:13
LH:13
BRDA:18,0,0,2
BRDA:22,1,0,3
BRDA:22,1,1,1
BRDA:44,2,0,1
BRF:4
BRH:4
end_of_record
